This is pdfTeX, Version 3.14159265-2.6-1.40.19 (TeX Live 2018) (preloaded format=pdflatex 2018.12.14)  26 JAN 2020 14:24
entering extended mode
 restricted \write18 enabled.
 file:line:error style messages enabled.
 %&-line parsing enabled.
**Major_Project.tex
(./Major_Project.tex
LaTeX2e <2018-04-01> patch level 2
Babel <3.18> and hyphenation patterns for 84 language(s) loaded.
(/usr/local/texlive/2018/texmf-dist/tex/latex/base/article.cls
Document Class: article 2014/09/29 v1.4h Standard LaTeX document class
(/usr/local/texlive/2018/texmf-dist/tex/latex/base/size12.clo
File: size12.clo 2014/09/29 v1.4h Standard LaTeX file (size option)
)
\c@part=\count80
\c@section=\count81
\c@subsection=\count82
\c@subsubsection=\count83
\c@paragraph=\count84
\c@subparagraph=\count85
\c@figure=\count86
\c@table=\count87
\abovecaptionskip=\skip41
\belowcaptionskip=\skip42
\bibindent=\dimen102
)
(/usr/local/texlive/2018/texmf-dist/tex/latex/graphics/graphicx.sty
Package: graphicx 2017/06/01 v1.1a Enhanced LaTeX Graphics (DPC,SPQR)

(/usr/local/texlive/2018/texmf-dist/tex/latex/graphics/keyval.sty
Package: keyval 2014/10/28 v1.15 key=value parser (DPC)
\KV@toks@=\toks14
)
(/usr/local/texlive/2018/texmf-dist/tex/latex/graphics/graphics.sty
Package: graphics 2017/06/25 v1.2c Standard LaTeX Graphics (DPC,SPQR)

(/usr/local/texlive/2018/texmf-dist/tex/latex/graphics/trig.sty
Package: trig 2016/01/03 v1.10 sin cos tan (DPC)
)
(/usr/local/texlive/2018/texmf-dist/tex/latex/graphics-cfg/graphics.cfg
File: graphics.cfg 2016/06/04 v1.11 sample graphics configuration
)
Package graphics Info: Driver file: pdftex.def on input line 99.

(/usr/local/texlive/2018/texmf-dist/tex/latex/graphics-def/pdftex.def
File: pdftex.def 2018/01/08 v1.0l Graphics/color driver for pdftex
))
\Gin@req@height=\dimen103
\Gin@req@width=\dimen104
)
(/usr/local/texlive/2018/texmf-dist/tex/latex/hyperref/hyperref.sty
Package: hyperref 2018/02/06 v6.86b Hypertext links for LaTeX

(/usr/local/texlive/2018/texmf-dist/tex/generic/oberdiek/hobsub-hyperref.sty
Package: hobsub-hyperref 2016/05/16 v1.14 Bundle oberdiek, subset hyperref (HO)


(/usr/local/texlive/2018/texmf-dist/tex/generic/oberdiek/hobsub-generic.sty
Package: hobsub-generic 2016/05/16 v1.14 Bundle oberdiek, subset generic (HO)
Package: hobsub 2016/05/16 v1.14 Construct package bundles (HO)
Package: infwarerr 2016/05/16 v1.4 Providing info/warning/error messages (HO)
Package: ltxcmds 2016/05/16 v1.23 LaTeX kernel commands for general use (HO)
Package: ifluatex 2016/05/16 v1.4 Provides the ifluatex switch (HO)
Package ifluatex Info: LuaTeX not detected.
Package: ifvtex 2016/05/16 v1.6 Detect VTeX and its facilities (HO)
Package ifvtex Info: VTeX not detected.
Package: intcalc 2016/05/16 v1.2 Expandable calculations with integers (HO)
Package: ifpdf 2017/03/15 v3.2 Provides the ifpdf switch
Package: etexcmds 2016/05/16 v1.6 Avoid name clashes with e-TeX commands (HO)
Package etexcmds Info: Could not find \expanded.
(etexcmds)             That can mean that you are not using pdfTeX 1.50 or
(etexcmds)             that some package has redefined \expanded.
(etexcmds)             In the latter case, load this package earlier.
Package: kvsetkeys 2016/05/16 v1.17 Key value parser (HO)
Package: kvdefinekeys 2016/05/16 v1.4 Define keys (HO)
Package: pdftexcmds 2018/01/30 v0.27 Utility functions of pdfTeX for LuaTeX (HO
)
Package pdftexcmds Info: LuaTeX not detected.
Package pdftexcmds Info: \pdf@primitive is available.
Package pdftexcmds Info: \pdf@ifprimitive is available.
Package pdftexcmds Info: \pdfdraftmode found.
Package: pdfescape 2016/05/16 v1.14 Implements pdfTeX's escape features (HO)
Package: bigintcalc 2016/05/16 v1.4 Expandable calculations on big integers (HO
)
Package: bitset 2016/05/16 v1.2 Handle bit-vector datatype (HO)
Package: uniquecounter 2016/05/16 v1.3 Provide unlimited unique counter (HO)
)
Package hobsub Info: Skipping package `hobsub' (already loaded).
Package: letltxmacro 2016/05/16 v1.5 Let assignment for LaTeX macros (HO)
Package: hopatch 2016/05/16 v1.3 Wrapper for package hooks (HO)
Package: xcolor-patch 2016/05/16 xcolor patch
Package: atveryend 2016/05/16 v1.9 Hooks at the very end of document (HO)
Package atveryend Info: \enddocument detected (standard20110627).
Package: atbegshi 2016/06/09 v1.18 At begin shipout hook (HO)
Package: refcount 2016/05/16 v3.5 Data extraction from label references (HO)
Package: hycolor 2016/05/16 v1.8 Color options for hyperref/bookmark (HO)
)
(/usr/local/texlive/2018/texmf-dist/tex/generic/ifxetex/ifxetex.sty
Package: ifxetex 2010/09/12 v0.6 Provides ifxetex conditional
)
(/usr/local/texlive/2018/texmf-dist/tex/latex/oberdiek/auxhook.sty
Package: auxhook 2016/05/16 v1.4 Hooks for auxiliary files (HO)
)
(/usr/local/texlive/2018/texmf-dist/tex/latex/oberdiek/kvoptions.sty
Package: kvoptions 2016/05/16 v3.12 Key value format for package options (HO)
)
\@linkdim=\dimen105
\Hy@linkcounter=\count88
\Hy@pagecounter=\count89

(/usr/local/texlive/2018/texmf-dist/tex/latex/hyperref/pd1enc.def
File: pd1enc.def 2018/02/06 v6.86b Hyperref: PDFDocEncoding definition (HO)
Now handling font encoding PD1 ...
... no UTF-8 mapping file for font encoding PD1
)
\Hy@SavedSpaceFactor=\count90

(/usr/local/texlive/2018/texmf-dist/tex/latex/latexconfig/hyperref.cfg
File: hyperref.cfg 2002/06/06 v1.2 hyperref configuration of TeXLive
)
Package hyperref Info: Hyper figures OFF on input line 4509.
Package hyperref Info: Link nesting OFF on input line 4514.
Package hyperref Info: Hyper index ON on input line 4517.
Package hyperref Info: Plain pages OFF on input line 4524.
Package hyperref Info: Backreferencing OFF on input line 4529.
Package hyperref Info: Implicit mode ON; LaTeX internals redefined.
Package hyperref Info: Bookmarks ON on input line 4762.
\c@Hy@tempcnt=\count91

(/usr/local/texlive/2018/texmf-dist/tex/latex/url/url.sty
\Urlmuskip=\muskip10
Package: url 2013/09/16  ver 3.4  Verb mode for urls, etc.
)
LaTeX Info: Redefining \url on input line 5115.
\XeTeXLinkMargin=\dimen106
\Fld@menulength=\count92
\Field@Width=\dimen107
\Fld@charsize=\dimen108
Package hyperref Info: Hyper figures OFF on input line 6369.
Package hyperref Info: Link nesting OFF on input line 6374.
Package hyperref Info: Hyper index ON on input line 6377.
Package hyperref Info: backreferencing OFF on input line 6384.
Package hyperref Info: Link coloring OFF on input line 6389.
Package hyperref Info: Link coloring with OCG OFF on input line 6394.
Package hyperref Info: PDF/A mode OFF on input line 6399.
LaTeX Info: Redefining \ref on input line 6439.
LaTeX Info: Redefining \pageref on input line 6443.
\Hy@abspage=\count93
\c@Item=\count94
\c@Hfootnote=\count95
)
Package hyperref Info: Driver (autodetected): hpdftex.

(/usr/local/texlive/2018/texmf-dist/tex/latex/hyperref/hpdftex.def
File: hpdftex.def 2018/02/06 v6.86b Hyperref driver for pdfTeX
\Fld@listcount=\count96
\c@bookmark@seq@number=\count97

(/usr/local/texlive/2018/texmf-dist/tex/latex/oberdiek/rerunfilecheck.sty
Package: rerunfilecheck 2016/05/16 v1.8 Rerun checks for auxiliary files (HO)
Package uniquecounter Info: New unique counter `rerunfilecheck' on input line 2
82.
)
\Hy@SectionHShift=\skip43
)
(/usr/local/texlive/2018/texmf-dist/tex/latex/braket/braket.sty)
(/usr/local/texlive/2018/texmf-dist/tex/latex/amsmath/amsmath.sty
Package: amsmath 2017/09/02 v2.17a AMS math features
\@mathmargin=\skip44

For additional information on amsmath, use the `?' option.
(/usr/local/texlive/2018/texmf-dist/tex/latex/amsmath/amstext.sty
Package: amstext 2000/06/29 v2.01 AMS text

(/usr/local/texlive/2018/texmf-dist/tex/latex/amsmath/amsgen.sty
File: amsgen.sty 1999/11/30 v2.0 generic functions
\@emptytoks=\toks15
\ex@=\dimen109
))
(/usr/local/texlive/2018/texmf-dist/tex/latex/amsmath/amsbsy.sty
Package: amsbsy 1999/11/29 v1.2d Bold Symbols
\pmbraise@=\dimen110
)
(/usr/local/texlive/2018/texmf-dist/tex/latex/amsmath/amsopn.sty
Package: amsopn 2016/03/08 v2.02 operator names
)
\inf@bad=\count98
LaTeX Info: Redefining \frac on input line 213.
\uproot@=\count99
\leftroot@=\count100
LaTeX Info: Redefining \overline on input line 375.
\classnum@=\count101
\DOTSCASE@=\count102
LaTeX Info: Redefining \ldots on input line 472.
LaTeX Info: Redefining \dots on input line 475.
LaTeX Info: Redefining \cdots on input line 596.
\Mathstrutbox@=\box26
\strutbox@=\box27
\big@size=\dimen111
LaTeX Font Info:    Redeclaring font encoding OML on input line 712.
LaTeX Font Info:    Redeclaring font encoding OMS on input line 713.
\macc@depth=\count103
\c@MaxMatrixCols=\count104
\dotsspace@=\muskip11
\c@parentequation=\count105
\dspbrk@lvl=\count106
\tag@help=\toks16
\row@=\count107
\column@=\count108
\maxfields@=\count109
\andhelp@=\toks17
\eqnshift@=\dimen112
\alignsep@=\dimen113
\tagshift@=\dimen114
\tagwidth@=\dimen115
\totwidth@=\dimen116
\lineht@=\dimen117
\@envbody=\toks18
\multlinegap=\skip45
\multlinetaggap=\skip46
\mathdisplay@stack=\toks19
LaTeX Info: Redefining \[ on input line 2817.
LaTeX Info: Redefining \] on input line 2818.
)
(/usr/local/texlive/2018/texmf-dist/tex/latex/base/inputenc.sty
Package: inputenc 2018/04/06 v1.3b Input encoding file
\inpenc@prehook=\toks20
\inpenc@posthook=\toks21
)
(/usr/local/texlive/2018/texmf-dist/tex/generic/babel/babel.sty
Package: babel 2018/02/14 3.18 The Babel package

(/usr/local/texlive/2018/texmf-dist/tex/generic/babel/switch.def
File: switch.def 2018/02/14 3.18 Babel switching mechanism
)
(/usr/local/texlive/2018/texmf-dist/tex/generic/babel-english/english.ldf
Language: english 2017/06/06 v3.3r English support from the babel system

(/usr/local/texlive/2018/texmf-dist/tex/generic/babel/babel.def
File: babel.def 2018/02/14 3.18 Babel common definitions
\babel@savecnt=\count110
\U@D=\dimen118

(/usr/local/texlive/2018/texmf-dist/tex/generic/babel/txtbabel.def)
\bbl@dirlevel=\count111
)
\l@canadian = a dialect from \language\l@american 
\l@australian = a dialect from \language\l@british 
\l@newzealand = a dialect from \language\l@british 
))
(/usr/local/texlive/2018/texmf-dist/tex/latex/listings/listings.sty
\lst@mode=\count112
\lst@gtempboxa=\box28
\lst@token=\toks22
\lst@length=\count113
\lst@currlwidth=\dimen119
\lst@column=\count114
\lst@pos=\count115
\lst@lostspace=\dimen120
\lst@width=\dimen121
\lst@newlines=\count116
\lst@lineno=\count117
\lst@maxwidth=\dimen122

(/usr/local/texlive/2018/texmf-dist/tex/latex/listings/lstmisc.sty
File: lstmisc.sty 2015/06/04 1.6 (Carsten Heinz)
\c@lstnumber=\count118
\lst@skipnumbers=\count119
\lst@framebox=\box29
)
(/usr/local/texlive/2018/texmf-dist/tex/latex/listings/listings.cfg
File: listings.cfg 2015/06/04 1.6 listings configuration
))
Package: listings 2015/06/04 1.6 (Carsten Heinz)

(/usr/local/texlive/2018/texmf-dist/tex/latex/graphics/color.sty
Package: color 2016/07/10 v1.1e Standard LaTeX Color (DPC)

(/usr/local/texlive/2018/texmf-dist/tex/latex/graphics-cfg/color.cfg
File: color.cfg 2016/01/02 v1.6 sample color configuration
)
Package color Info: Driver file: pdftex.def on input line 147.
)
(/usr/local/texlive/2018/texmf-dist/tex/latex/geometry/geometry.sty
Package: geometry 2018/03/24 v5.7 Page Geometry
\Gm@cnth=\count120
\Gm@cntv=\count121
\c@Gm@tempcnt=\count122
\Gm@bindingoffset=\dimen123
\Gm@wd@mp=\dimen124
\Gm@odd@mp=\dimen125
\Gm@even@mp=\dimen126
\Gm@layoutwidth=\dimen127
\Gm@layoutheight=\dimen128
\Gm@layouthoffset=\dimen129
\Gm@layoutvoffset=\dimen130
\Gm@dimlist=\toks23
)
(/usr/local/texlive/2018/texmf-dist/tex/latex/subfigure/subfigure.sty
Package: subfigure 2002/03/15 v2.1.5 subfigure package
\subfigtopskip=\skip47
\subfigcapskip=\skip48
\subfigcaptopadj=\dimen131
\subfigbottomskip=\skip49
\subfigcapmargin=\dimen132
\subfiglabelskip=\skip50
\c@subfigure=\count123
\c@lofdepth=\count124
\c@subtable=\count125
\c@lotdepth=\count126

****************************************
* Local config file subfigure.cfg used *
****************************************
(/usr/local/texlive/2018/texmf-dist/tex/latex/subfigure/subfigure.cfg)
\subfig@top=\skip51
\subfig@bottom=\skip52
)
(/usr/local/texlive/2018/texmf-dist/tex/latex/tools/afterpage.sty
Package: afterpage 2014/10/28 v1.08 After-Page Package (DPC)
\AP@output=\toks24
\AP@partial=\box30
\AP@footins=\box31
)
(/usr/local/texlive/2018/texmf-dist/tex/generic/genmisc/nth.sty
Package: nth 2002/02/27
)
(/usr/local/texlive/2018/texmf-dist/tex/latex/was/gensymb.sty
Package: gensymb 2003/07/02 v1.0 (WaS)
)
(/usr/local/texlive/2018/texmf-dist/tex/latex/xcolor/xcolor.sty
Package: xcolor 2016/05/11 v2.12 LaTeX color extensions (UK)

(/usr/local/texlive/2018/texmf-dist/tex/latex/graphics-cfg/color.cfg
File: color.cfg 2016/01/02 v1.6 sample color configuration
)
Package xcolor Info: Driver file: pdftex.def on input line 225.
LaTeX Info: Redefining \color on input line 709.
Package xcolor Info: Model `cmy' substituted by `cmy0' on input line 1348.
Package xcolor Info: Model `hsb' substituted by `rgb' on input line 1352.
Package xcolor Info: Model `RGB' extended on input line 1364.
Package xcolor Info: Model `HTML' substituted by `rgb' on input line 1366.
Package xcolor Info: Model `Hsb' substituted by `hsb' on input line 1367.
Package xcolor Info: Model `tHsb' substituted by `hsb' on input line 1368.
Package xcolor Info: Model `HSB' substituted by `hsb' on input line 1369.
Package xcolor Info: Model `Gray' substituted by `gray' on input line 1370.
Package xcolor Info: Model `wave' substituted by `hsb' on input line 1371.
)
(/usr/local/texlive/2018/texmf-dist/tex/latex/wasysym/wasysym.sty
Package: wasysym 2003/10/30 v2.0 Wasy-2 symbol support package
\symwasy=\mathgroup4
LaTeX Font Info:    Overwriting symbol font `wasy' in version `bold'
(Font)                  U/wasy/m/n --> U/wasy/b/n on input line 90.
)
(/usr/local/texlive/2018/texmf-dist/tex/latex/listings/lstlang1.sty
File: lstlang1.sty 2015/06/04 1.6 listings language file
)
(/usr/local/texlive/2018/texmf-dist/tex/latex/caption/caption.sty
Package: caption 2016/02/21 v3.3-144 Customizing captions (AR)

(/usr/local/texlive/2018/texmf-dist/tex/latex/caption/caption3.sty
Package: caption3 2016/05/22 v1.7-166 caption3 kernel (AR)
Package caption3 Info: TeX engine: e-TeX on input line 67.
\captionmargin=\dimen133
\captionmargin@=\dimen134
\captionwidth=\dimen135
\caption@tempdima=\dimen136
\caption@indent=\dimen137
\caption@parindent=\dimen138
\caption@hangindent=\dimen139
)
\c@ContinuedFloat=\count127
Package caption Info: hyperref package is loaded.
Package caption Info: listings package is loaded.
Package caption Info: subfigure package is loaded.
)
(./Major_Project.aux

LaTeX Warning: Label `conts' multiply defined.


LaTeX Warning: Label `fig:test1' multiply defined.


LaTeX Warning: Label `fig:test2' multiply defined.


LaTeX Warning: Label `fig:test1' multiply defined.


LaTeX Warning: Label `fig:test2' multiply defined.


LaTeX Warning: Label `fig:test1' multiply defined.


LaTeX Warning: Label `fig:test2' multiply defined.


LaTeX Warning: Label `fig:test1' multiply defined.


LaTeX Warning: Label `fig:test2' multiply defined.


LaTeX Warning: Label `fig:test1' multiply defined.


LaTeX Warning: Label `fig:test2' multiply defined.


LaTeX Warning: Label `fig:test1' multiply defined.


LaTeX Warning: Label `fig:test2' multiply defined.


LaTeX Warning: Label `fig:test1' multiply defined.


LaTeX Warning: Label `fig:test2' multiply defined.


LaTeX Warning: Label `fig:test1' multiply defined.


LaTeX Warning: Label `fig:test2' multiply defined.


LaTeX Warning: Label `fig:test1' multiply defined.


LaTeX Warning: Label `fig:test2' multiply defined.


LaTeX Warning: Label `fig:test1' multiply defined.


LaTeX Warning: Label `fig:test2' multiply defined.


LaTeX Warning: Label `fig:test1' multiply defined.


LaTeX Warning: Label `fig:test2' multiply defined.


LaTeX Warning: Label `' multiply defined.


LaTeX Warning: Label `' multiply defined.


LaTeX Warning: Label `' multiply defined.

)
\openout1 = `Major_Project.aux'.

LaTeX Font Info:    Checking defaults for OML/cmm/m/it on input line 75.
LaTeX Font Info:    ... okay on input line 75.
LaTeX Font Info:    Checking defaults for T1/cmr/m/n on input line 75.
LaTeX Font Info:    ... okay on input line 75.
LaTeX Font Info:    Checking defaults for OT1/cmr/m/n on input line 75.
LaTeX Font Info:    ... okay on input line 75.
LaTeX Font Info:    Checking defaults for OMS/cmsy/m/n on input line 75.
LaTeX Font Info:    ... okay on input line 75.
LaTeX Font Info:    Checking defaults for OMX/cmex/m/n on input line 75.
LaTeX Font Info:    ... okay on input line 75.
LaTeX Font Info:    Checking defaults for U/cmr/m/n on input line 75.
LaTeX Font Info:    ... okay on input line 75.
LaTeX Font Info:    Checking defaults for PD1/pdf/m/n on input line 75.
LaTeX Font Info:    ... okay on input line 75.
 (/usr/local/texlive/2018/texmf-dist/tex/context/base/mkii/supp-pdf.mkii
[Loading MPS to PDF converter (version 2006.09.02).]
\scratchcounter=\count128
\scratchdimen=\dimen140
\scratchbox=\box32
\nofMPsegments=\count129
\nofMParguments=\count130
\everyMPshowfont=\toks25
\MPscratchCnt=\count131
\MPscratchDim=\dimen141
\MPnumerator=\count132
\makeMPintoPDFobject=\count133
\everyMPtoPDFconversion=\toks26
) (/usr/local/texlive/2018/texmf-dist/tex/latex/oberdiek/epstopdf-base.sty
Package: epstopdf-base 2016/05/15 v2.6 Base part for package epstopdf

(/usr/local/texlive/2018/texmf-dist/tex/latex/oberdiek/grfext.sty
Package: grfext 2016/05/16 v1.2 Manage graphics extensions (HO)
)
Package epstopdf-base Info: Redefining graphics rule for `.eps' on input line 4
38.
Package grfext Info: Graphics extension search list:
(grfext)             [.pdf,.png,.jpg,.mps,.jpeg,.jbig2,.jb2,.PDF,.PNG,.JPG,.JPE
G,.JBIG2,.JB2,.eps]
(grfext)             \AppendGraphicsExtensions on input line 456.

(/usr/local/texlive/2018/texmf-dist/tex/latex/latexconfig/epstopdf-sys.cfg
File: epstopdf-sys.cfg 2010/07/13 v1.3 Configuration of (r)epstopdf for TeX Liv
e
))
\AtBeginShipoutBox=\box33
Package hyperref Info: Link coloring OFF on input line 75.

(/usr/local/texlive/2018/texmf-dist/tex/latex/hyperref/nameref.sty
Package: nameref 2016/05/21 v2.44 Cross-referencing by name of section

(/usr/local/texlive/2018/texmf-dist/tex/generic/oberdiek/gettitlestring.sty
Package: gettitlestring 2016/05/16 v1.5 Cleanup title references (HO)
)
\c@section@level=\count134
)
LaTeX Info: Redefining \ref on input line 75.
LaTeX Info: Redefining \pageref on input line 75.
LaTeX Info: Redefining \nameref on input line 75.

(./Major_Project.out) (./Major_Project.out)
\@outlinefile=\write3
\openout3 = `Major_Project.out'.

\c@lstlisting=\count135

*geometry* driver: auto-detecting
*geometry* detected driver: pdftex
*geometry* verbose mode - [ preamble ] result:
* driver: pdftex
* paper: a4paper
* layout: <same size as paper>
* layoutoffset:(h,v)=(0.0pt,0.0pt)
* modes: 
* h-part:(L,W,R)=(54.2025pt, 489.10287pt, 54.2025pt)
* v-part:(T,H,B)=(54.2025pt, 736.64185pt, 54.2025pt)
* \paperwidth=597.50787pt
* \paperheight=845.04684pt
* \textwidth=489.10287pt
* \textheight=736.64185pt
* \oddsidemargin=-18.06749pt
* \evensidemargin=-18.06749pt
* \topmargin=-55.06749pt
* \headheight=12.0pt
* \headsep=25.0pt
* \topskip=12.0pt
* \footskip=30.0pt
* \marginparwidth=35.0pt
* \marginparsep=10.0pt
* \columnsep=10.0pt
* \skip\footins=10.8pt plus 4.0pt minus 2.0pt
* \hoffset=0.0pt
* \voffset=0.0pt
* \mag=1000
* \@twocolumnfalse
* \@twosidefalse
* \@mparswitchfalse
* \@reversemarginfalse
* (1in=72.27pt=25.4mm, 1cm=28.453pt)

LaTeX Info: Redefining \celsius on input line 75.
Package gensymb Info: Faking symbols for \degree and \celsius on input line 75.


Package gensymb Warning: Not defining \perthousand.

LaTeX Info: Redefining \ohm on input line 75.
Package gensymb Info: Using \Omega for \ohm on input line 75.

Package gensymb Warning: Not defining \micro.

Package caption Info: Begin \AtBeginDocument code.
Package caption Info: End \AtBeginDocument code.
<Images//Logos//rhul.jpg, id=148, 711.4078pt x 355.3275pt>
File: Images//Logos//rhul.jpg Graphic file (type jpg)
<use Images//Logos//rhul.jpg>
Package pdftex.def Info: Images//Logos//rhul.jpg  used on input line 80.
(pdftex.def)             Requested size: 195.63815pt x 97.71265pt.
<Images//Logos//BDSIM_Logo.jpg, id=149, 728.7225pt x 356.33125pt>
File: Images//Logos//BDSIM_Logo.jpg Graphic file (type jpg)
<use Images//Logos//BDSIM_Logo.jpg>
Package pdftex.def Info: Images//Logos//BDSIM_Logo.jpg  used on input line 113.

(pdftex.def)             Requested size: 117.38408pt x 57.39476pt.
LaTeX Font Info:    Try loading font information for U+wasy on input line 114.
(/usr/local/texlive/2018/texmf-dist/tex/latex/wasysym/uwasy.fd
File: uwasy.fd 2003/10/30 v2.0 Wasy-2 symbol font definitions
)
<Images//Logos//JAI_Logo.jpeg, id=150, 321.2pt x 92.345pt>
File: Images//Logos//JAI_Logo.jpeg Graphic file (type jpg)
<use Images//Logos//JAI_Logo.jpeg>
Package pdftex.def Info: Images//Logos//JAI_Logo.jpeg  used on input line 117.
(pdftex.def)             Requested size: 146.73235pt x 42.18611pt.

Overfull \hbox (97.82654pt too wide) in paragraph at lines 112--119
 []$[]$$[]$ 
 []

[1

{/usr/local/texlive/2018/texmf-var/fonts/map/pdftex/updmap/pdftex.map} <./Image
s//Logos//rhul.jpg> <./Images//Logos//BDSIM_Logo.jpg> <./Images//Logos//JAI_Log
o.jpeg>]pdfTeX warning (ext4): destination with the same identifier (name{page.
1}) has been already used, duplicate ignored
<to be read again> 
                   \relax 
l.122 \leavevmode\thispagestyle{empty}\newpage
                                               [1] (./Major_Project.toc)
\tf@toc=\write4
\openout4 = `Major_Project.toc'.


[2]

LaTeX Warning: Citation `jai' on page 1 undefined on input line 152.

pdfTeX warning (ext4): destination with the same identifier (name{page.1}) has 
been already used, duplicate ignored
<to be read again> 
                   \relax 
l.165 \newpage
               [1

]

LaTeX Warning: Reference `cylcmeshin' on page 2 undefined on input line 170.


Underfull \hbox (badness 10000) in paragraph at lines 168--173

 []


Underfull \hbox (badness 10000) in paragraph at lines 168--173

 []

<Images//Coords//cyl.png, id=222, 1002.74625pt x 464.73625pt>
File: Images//Coords//cyl.png Graphic file (type png)
<use Images//Coords//cyl.png>
Package pdftex.def Info: Images//Coords//cyl.png  used on input line 183.
(pdftex.def)             Requested size: 451.23164pt x 209.12938pt.

LaTeX Warning: `!h' float specifier changed to `!ht'.

(/usr/local/texlive/2018/texmf-dist/tex/latex/listings/lstlang1.sty
File: lstlang1.sty 2015/06/04 1.6 listings language file
)
Package hyperref Info: bookmark level for unknown lstlisting defaults to 0 on i
nput line 201.


Package xcolor Warning: Incompatible color definition on input line 202.


Package xcolor Warning: Incompatible color definition on input line 204.


Package xcolor Warning: Incompatible color definition on input line 206.


Package xcolor Warning: Incompatible color definition on input line 208.


Package xcolor Warning: Incompatible color definition on input line 210.


Package xcolor Warning: Incompatible color definition on input line 212.


LaTeX Warning: Reference `para' on page 2 undefined on input line 217.


LaTeX Warning: Reference `cons' on page 2 undefined on input line 217.


Underfull \hbox (badness 10000) in paragraph at lines 215--218

 []

pdfTeX warning (ext4): destination with the same identifier (name{page.2}) has 
been already used, duplicate ignored
<to be read again> 
                   \relax 
l.218 
       [2] [3 <./Images//Coords//cyl.png>]
Underfull \hbox (badness 10000) in paragraph at lines 222--225

 []

<Images//Coords//sph.png, id=252, 993.7125pt x 314.17375pt>
File: Images//Coords//sph.png Graphic file (type png)
<use Images//Coords//sph.png>
Package pdftex.def Info: Images//Coords//sph.png  used on input line 236.
(pdftex.def)             Requested size: 496.85503pt x 157.08649pt.

Overfull \hbox (7.75215pt too wide) in paragraph at lines 236--239
 [][] 
 []

[4 <./Images//Coords//sph.png>]
<Images//Coords/torus_coords.png, id=261, 1436.36626pt x 506.89375pt>
File: Images//Coords/torus_coords.png Graphic file (type png)
<use Images//Coords/torus_coords.png>
Package pdftex.def Info: Images//Coords/torus_coords.png  used on input line 26
0.
(pdftex.def)             Requested size: 502.73573pt x 177.41547pt.

Overfull \hbox (13.63286pt too wide) in paragraph at lines 260--261
 [][] 
 []


Underfull \hbox (badness 10000) in paragraph at lines 265--268

 []

<Images//append_points//Point_Appending_Order.png, id=264, 240.9pt x 229.85875p
t>
File: Images//append_points//Point_Appending_Order.png Graphic file (type png)
<use Images//append_points//Point_Appending_Order.png>
Package pdftex.def Info: Images//append_points//Point_Appending_Order.png  used
 on input line 282.
(pdftex.def)             Requested size: 180.67455pt x 172.39362pt.
<Images//Meshes//tubs.png, id=265, 498.663pt x 365.2044pt>
File: Images//Meshes//tubs.png Graphic file (type png)
<use Images//Meshes//tubs.png>
Package pdftex.def Info: Images//Meshes//tubs.png  used on input line 293.
(pdftex.def)             Requested size: 249.33089pt x 182.60175pt.
[5 <./Images//Coords/torus_coords.png> <./Images//append_points//Point_Appendin
g_Order.png>]
<Images//Quad_fits//Tubs_quad.png, id=276, 462.528pt x 346.896pt>
File: Images//Quad_fits//Tubs_quad.png Graphic file (type png)
<use Images//Quad_fits//Tubs_quad.png>
Package pdftex.def Info: Images//Quad_fits//Tubs_quad.png  used on input line 3
13.
(pdftex.def)             Requested size: 277.51894pt x 208.13919pt.


LaTeX Warning: `!h' float specifier changed to `!ht'.


Underfull \hbox (badness 10000) in paragraph at lines 322--326

 []

[6 <./Images//Meshes//tubs.png>] [7 <./Images//Quad_fits//Tubs_quad.png>]
[8]

Package hyperref Warning: Difference (2) between bookmark levels is greater 
(hyperref)                than one, level fixed on input line 346.

<Images//Meshes//cons.png, id=294, 210.5466pt x 361.35pt>
File: Images//Meshes//cons.png Graphic file (type png)
<use Images//Meshes//cons.png>
Package pdftex.def Info: Images//Meshes//cons.png  used on input line 353.
(pdftex.def)             Requested size: 56.99612pt x 97.81908pt.
<Images//Quad_fits//Cons_quad.png, id=295, 462.528pt x 346.896pt>
File: Images//Quad_fits//Cons_quad.png Graphic file (type png)
<use Images//Quad_fits//Cons_quad.png>
Package pdftex.def Info: Images//Quad_fits//Cons_quad.png  used on input line 3
59.
(pdftex.def)             Requested size: 161.88722pt x 121.4154pt.

Overfull \hbox (15.15488pt too wide) in paragraph at lines 359--360
 [][] 
 []


Overfull \hbox (4.99998pt too wide) in paragraph at lines 351--363
 []$[]$$[]$ 
 []

<Images//Meshes//CutTubs.png, id=296, 412.4208pt x 426.393pt>
File: Images//Meshes//CutTubs.png Graphic file (type png)
<use Images//Meshes//CutTubs.png>
Package pdftex.def Info: Images//Meshes//CutTubs.png  used on input line 371.
(pdftex.def)             Requested size: 94.60936pt x 97.81908pt.
<Images//Quad_fits//CutTubs_quad.png, id=297, 462.528pt x 346.896pt>
File: Images//Quad_fits//CutTubs_quad.png Graphic file (type png)
<use Images//Quad_fits//CutTubs_quad.png>
Package pdftex.def Info: Images//Quad_fits//CutTubs_quad.png  used on input lin
e 377.
(pdftex.def)             Requested size: 161.88722pt x 121.4154pt.

Overfull \hbox (15.15488pt too wide) in paragraph at lines 377--378
 [][] 
 []


Overfull \hbox (4.99998pt too wide) in paragraph at lines 369--381
 []$[]$$[]$ 
 []

<Images//Meshes//ellipsoid.png, id=298, 335.8146pt x 355.0866pt>
File: Images//Meshes//ellipsoid.png Graphic file (type png)
<use Images//Meshes//ellipsoid.png>
Package pdftex.def Info: Images//Meshes//ellipsoid.png  used on input line 389.

(pdftex.def)             Requested size: 92.51071pt x 97.81908pt.
<Images//Quad_fits//Ellipsoid_quad.png, id=299, 462.528pt x 346.896pt>
File: Images//Quad_fits//Ellipsoid_quad.png Graphic file (type png)
<use Images//Quad_fits//Ellipsoid_quad.png>
Package pdftex.def Info: Images//Quad_fits//Ellipsoid_quad.png  used on input l
ine 395.
(pdftex.def)             Requested size: 161.88722pt x 121.4154pt.

Overfull \hbox (15.15488pt too wide) in paragraph at lines 395--396
 [][] 
 []


Overfull \hbox (4.99998pt too wide) in paragraph at lines 387--399
 []$[]$$[]$ 
 []

<Images//Meshes//ellipticalcone.png, id=300, 275.5896pt x 325.215pt>
File: Images//Meshes//ellipticalcone.png Graphic file (type png)
<use Images//Meshes//ellipticalcone.png>
Package pdftex.def Info: Images//Meshes//ellipticalcone.png  used on input line
 408.
(pdftex.def)             Requested size: 82.89197pt x 97.81908pt.
<Images//Quad_fits//Ellipticalcone_quad.png, id=301, 462.528pt x 346.896pt>
File: Images//Quad_fits//Ellipticalcone_quad.png Graphic file (type png)
<use Images//Quad_fits//Ellipticalcone_quad.png>
Package pdftex.def Info: Images//Quad_fits//Ellipticalcone_quad.png  used on in
put line 414.
(pdftex.def)             Requested size: 161.88722pt x 121.4154pt.

Overfull \hbox (15.15488pt too wide) in paragraph at lines 414--415
 [][] 
 []


Overfull \hbox (4.99998pt too wide) in paragraph at lines 406--418
 []$[]$$[]$ 
 []

<Images//Meshes//ellipticaltube.png, id=302, 353.1594pt x 304.0158pt>
File: Images//Meshes//ellipticaltube.png Graphic file (type png)
<use Images//Meshes//ellipticaltube.png>
Package pdftex.def Info: Images//Meshes//ellipticaltube.png  used on input line
 426.
(pdftex.def)             Requested size: 90.90317pt x 78.25555pt.
<Images//Quad_fits//EllipticalTube_quad.png, id=303, 462.528pt x 346.896pt>
File: Images//Quad_fits//EllipticalTube_quad.png Graphic file (type png)
<use Images//Quad_fits//EllipticalTube_quad.png>
Package pdftex.def Info: Images//Quad_fits//EllipticalTube_quad.png  used on in
put line 432.
(pdftex.def)             Requested size: 161.88722pt x 121.4154pt.

Overfull \hbox (15.15488pt too wide) in paragraph at lines 432--433
 [][] 
 []


Overfull \hbox (4.99998pt too wide) in paragraph at lines 424--436
 []$[]$$[]$ 
 []

<Images//Meshes//hyperboloid.png, id=304, 406.1574pt x 378.213pt>
File: Images//Meshes//hyperboloid.png Graphic file (type png)
<use Images//Meshes//hyperboloid.png>
Package pdftex.def Info: Images//Meshes//hyperboloid.png  used on input line 44
4.
(pdftex.def)             Requested size: 94.53596pt x 88.03656pt.
File: Images//Quad_fits//EllipticalTube_quad.png Graphic file (type png)
<use Images//Quad_fits//EllipticalTube_quad.png>
Package pdftex.def Info: Images//Quad_fits//EllipticalTube_quad.png  used on in
put line 450.
(pdftex.def)             Requested size: 161.88722pt x 121.4154pt.

Overfull \hbox (15.15488pt too wide) in paragraph at lines 450--451
 [][] 
 []


Overfull \hbox (4.99998pt too wide) in paragraph at lines 442--454
 []$[]$$[]$ 
 []

[9

 <./Images//Meshes//cons.png> <./Images//Quad_fits//Cons_quad.png> <./Images//M
eshes//CutTubs.png> <./Images//Quad_fits//CutTubs_quad.png> <./Images//Meshes//
ellipsoid.png> <./Images//Quad_fits//Ellipsoid_quad.png> <./Images//Meshes//ell
ipticalcone.png> <./Images//Quad_fits//Ellipticalcone_quad.png> <./Images//Mesh
es//ellipticaltube.png> <./Images//Quad_fits//EllipticalTube_quad.png> <./Image
s//Meshes//hyperboloid.png>]
<Images//Meshes//orb.png, id=326, 374.3586pt x 319.9152pt>
File: Images//Meshes//orb.png Graphic file (type png)
<use Images//Meshes//orb.png>
Package pdftex.def Info: Images//Meshes//orb.png  used on input line 463.
(pdftex.def)             Requested size: 91.57298pt x 78.25555pt.
<Images//Quad_fits//orb_quad.png, id=327, 462.528pt x 346.896pt>
File: Images//Quad_fits//orb_quad.png Graphic file (type png)
<use Images//Quad_fits//orb_quad.png>
Package pdftex.def Info: Images//Quad_fits//orb_quad.png  used on input line 46
9.
(pdftex.def)             Requested size: 161.88722pt x 121.4154pt.

Overfull \hbox (15.15488pt too wide) in paragraph at lines 469--470
 [][] 
 []


Overfull \hbox (4.99998pt too wide) in paragraph at lines 461--473
 []$[]$$[]$ 
 []

<Images//Meshes//paraboloid.png, id=328, 298.716pt x 367.1316pt>
File: Images//Meshes//paraboloid.png Graphic file (type png)
<use Images//Meshes//paraboloid.png>
Package pdftex.def Info: Images//Meshes//paraboloid.png  used on input line 482
.
(pdftex.def)             Requested size: 79.58781pt x 97.81908pt.
<Images//Quad_fits//Paraboloid_quad.png, id=329, 462.528pt x 346.896pt>
File: Images//Quad_fits//Paraboloid_quad.png Graphic file (type png)
<use Images//Quad_fits//Paraboloid_quad.png>
Package pdftex.def Info: Images//Quad_fits//Paraboloid_quad.png  used on input 
line 488.
(pdftex.def)             Requested size: 161.88722pt x 121.4154pt.

Overfull \hbox (15.15488pt too wide) in paragraph at lines 488--489
 [][] 
 []


Overfull \hbox (4.99998pt too wide) in paragraph at lines 480--492
 []$[]$$[]$ 
 []

<Images//Meshes//polycone.png, id=330, 292.9344pt x 332.9238pt>
File: Images//Meshes//polycone.png Graphic file (type png)
<use Images//Meshes//polycone.png>
Package pdftex.def Info: Images//Meshes//polycone.png  used on input line 500.
(pdftex.def)             Requested size: 86.06625pt x 97.81908pt.
<Images//Quad_fits//Polycone_quad.png, id=331, 462.528pt x 346.896pt>
File: Images//Quad_fits//Polycone_quad.png Graphic file (type png)
<use Images//Quad_fits//Polycone_quad.png>
Package pdftex.def Info: Images//Quad_fits//Polycone_quad.png  used on input li
ne 506.
(pdftex.def)             Requested size: 161.88722pt x 121.4154pt.

Overfull \hbox (15.15488pt too wide) in paragraph at lines 506--507
 [][] 
 []


Overfull \hbox (4.99998pt too wide) in paragraph at lines 498--510
 []$[]$$[]$ 
 []

<Images//Meshes//sphere.png, id=332, 424.4658pt x 332.9238pt>
File: Images//Meshes//sphere.png Graphic file (type png)
<use Images//Meshes//sphere.png>
Package pdftex.def Info: Images//Meshes//sphere.png  used on input line 518.
(pdftex.def)             Requested size: 93.53172pt x 73.3643pt.
<Images//Quad_fits//Sphere_quad.png, id=333, 462.528pt x 346.896pt>
File: Images//Quad_fits//Sphere_quad.png Graphic file (type png)
<use Images//Quad_fits//Sphere_quad.png>
Package pdftex.def Info: Images//Quad_fits//Sphere_quad.png  used on input line
 524.
(pdftex.def)             Requested size: 161.88722pt x 121.4154pt.

Overfull \hbox (15.15488pt too wide) in paragraph at lines 524--525
 [][] 
 []


Overfull \hbox (4.99998pt too wide) in paragraph at lines 516--528
 []$[]$$[]$ 
 []

<Images//Meshes//torus.png, id=334, 370.986pt x 219.7008pt>
File: Images//Meshes//torus.png Graphic file (type png)
<use Images//Meshes//torus.png>
Package pdftex.def Info: Images//Meshes//torus.png  used on input line 536.
(pdftex.def)             Requested size: 82.58516pt x 48.90953pt.
<Images//Quad_fits//Torus_quad.png, id=335, 462.528pt x 346.896pt>
File: Images//Quad_fits//Torus_quad.png Graphic file (type png)
<use Images//Quad_fits//Torus_quad.png>
Package pdftex.def Info: Images//Quad_fits//Torus_quad.png  used on input line 
542.
(pdftex.def)             Requested size: 161.88722pt x 121.4154pt.

Overfull \hbox (15.15488pt too wide) in paragraph at lines 542--543
 [][] 
 []


Overfull \hbox (4.99998pt too wide) in paragraph at lines 534--546
 []$[]$$[]$ 
 []

File: Images//Meshes//tubs.png Graphic file (type png)
<use Images//Meshes//tubs.png>
Package pdftex.def Info: Images//Meshes//tubs.png  used on input line 554.
(pdftex.def)             Requested size: 93.49147pt x 68.47305pt.
File: Images//Quad_fits//Tubs_quad.png Graphic file (type png)
<use Images//Quad_fits//Tubs_quad.png>
Package pdftex.def Info: Images//Quad_fits//Tubs_quad.png  used on input line 5
60.
(pdftex.def)             Requested size: 161.88722pt x 121.4154pt.

Overfull \hbox (15.15488pt too wide) in paragraph at lines 560--561
 [][] 
 []


Overfull \hbox (4.99998pt too wide) in paragraph at lines 552--564
 []$[]$$[]$ 
 []

[10 <./Images//Meshes//orb.png> <./Images//Quad_fits//orb_quad.png> <./Images//
Meshes//paraboloid.png> <./Images//Quad_fits//Paraboloid_quad.png> <./Images//M
eshes//polycone.png> <./Images//Quad_fits//Polycone_quad.png> <./Images//Meshes
//sphere.png> <./Images//Quad_fits//Sphere_quad.png> <./Images//Meshes//torus.p
ng> <./Images//Quad_fits//Torus_quad.png>]
Underfull \hbox (badness 10000) in paragraph at lines 580--582
[]$\OT1/cmtt/m/n/10.95 http : / / geant4-[]userdoc . web . cern . ch / geant4-[
]userdoc / UsersGuides /
 []

Package atveryend Info: Empty hook `BeforeClearDocument' on input line 591.
[11

pdfTeX warning (ext4): destination with the same identifier (name{cite.}) has b
een already used, duplicate ignored

\AtBegShi@Output ...ipout \box \AtBeginShipoutBox 
                                                  \fi \fi 
l.591 \end{document}
                    pdfTeX warning (ext4): destination with the same identifier
 (name{cite.}) has been already used, duplicate ignored

\AtBegShi@Output ...ipout \box \AtBeginShipoutBox 
                                                  \fi \fi 
l.591 \end{document}
                    pdfTeX warning (ext4): destination with the same identifier
 (name{cite.}) has been already used, duplicate ignored

\AtBegShi@Output ...ipout \box \AtBeginShipoutBox 
                                                  \fi \fi 
l.591 \end{document}
                    ]
Package atveryend Info: Empty hook `AfterLastShipout' on input line 591.
 (./Major_Project.aux)
Package atveryend Info: Executing hook `AtVeryEndDocument' on input line 591.
Package atveryend Info: Executing hook `AtEndAfterFileList' on input line 591.
Package rerunfilecheck Info: File `Major_Project.out' has not changed.
(rerunfilecheck)             Checksum: 0234D35E028C8B28D4F8CB0B00B05F05;2507.


LaTeX Warning: There were undefined references.


LaTeX Warning: There were multiply-defined labels.

Package atveryend Info: Empty hook `AtVeryVeryEnd' on input line 591.
 ) 
Here is how much of TeX's memory you used:
 10497 strings out of 492649
 154123 string characters out of 6129621
 317235 words of memory out of 5000000
 14133 multiletter control sequences out of 15000+600000
 12894 words of font info for 47 fonts, out of 8000000 for 9000
 1141 hyphenation exceptions out of 8191
 36i,9n,42p,820b,1312s stack positions out of 5000i,500n,10000p,200000b,80000s
</usr/local/texlive/2018/texmf-dist/fonts/type1/public/amsfonts/cm/cmbx10.pfb
></usr/local/texlive/2018/texmf-dist/fonts/type1/public/amsfonts/cm/cmbx12.pfb>
</usr/local/texlive/2018/texmf-dist/fonts/type1/public/amsfonts/cm/cmcsc10.pfb>
</usr/local/texlive/2018/texmf-dist/fonts/type1/public/amsfonts/cm/cmmi10.pfb><
/usr/local/texlive/2018/texmf-dist/fonts/type1/public/amsfonts/cm/cmmi8.pfb></u
sr/local/texlive/2018/texmf-dist/fonts/type1/public/amsfonts/cm/cmr10.pfb></usr
/local/texlive/2018/texmf-dist/fonts/type1/public/amsfonts/cm/cmr12.pfb></usr/l
ocal/texlive/2018/texmf-dist/fonts/type1/public/amsfonts/cm/cmr6.pfb></usr/loca
l/texlive/2018/texmf-dist/fonts/type1/public/amsfonts/cm/cmti12.pfb></usr/local
/texlive/2018/texmf-dist/fonts/type1/public/amsfonts/cm/cmtt10.pfb>
Output written on Major_Project.pdf (14 pages, 2788168 bytes).
PDF statistics:
 424 PDF objects out of 1000 (max. 8388607)
 337 compressed objects within 4 object streams
 85 named destinations out of 1000 (max. 500000)
 439 words of extra memory for PDF output out of 10000 (max. 10000000)

