\BOOKMARK [1][-]{section.1}{Introduction}{}% 1
\BOOKMARK [2][-]{subsection.1.1}{Report Structure}{section.1}% 2
\BOOKMARK [2][-]{subsection.1.2}{Project Background}{section.1}% 3
\BOOKMARK [3][-]{subsubsection.1.2.1}{Types of Radiation Emission }{subsection.1.2}% 4
\BOOKMARK [3][-]{subsubsection.1.2.2}{High Energy Physics}{subsection.1.2}% 5
\BOOKMARK [3][-]{subsubsection.1.2.3}{Space Exploration}{subsection.1.2}% 6
\BOOKMARK [3][-]{subsubsection.1.2.4}{Medical}{subsection.1.2}% 7
\BOOKMARK [2][-]{subsection.1.3}{Project Motivations}{section.1}% 8
\BOOKMARK [2][-]{subsection.1.4}{Project Aims}{section.1}% 9
\BOOKMARK [1][-]{section.2}{Software Packages}{}% 10
\BOOKMARK [2][-]{subsection.2.1}{GEANT4}{section.2}% 11
\BOOKMARK [2][-]{subsection.2.2}{BDSIM}{section.2}% 12
\BOOKMARK [3][-]{subsubsection.2.2.1}{Pybdsim}{subsection.2.2}% 13
\BOOKMARK [2][-]{subsection.2.3}{Pyg4ometry}{section.2}% 14
\BOOKMARK [2][-]{subsection.2.4}{ROOT}{section.2}% 15
\BOOKMARK [2][-]{subsection.2.5}{FreeCAD}{section.2}% 16
\BOOKMARK [2][-]{subsection.2.6}{Visualisation}{section.2}% 17
\BOOKMARK [1][-]{section.3}{Primitive Meshing}{}% 18
\BOOKMARK [2][-]{subsection.3.1}{Co-ordinate Systems}{section.3}% 19
\BOOKMARK [3][-]{subsubsection.3.1.1}{Cylindrical Polar Co-ordinate System}{subsection.3.1}% 20
\BOOKMARK [3][-]{subsubsection.3.1.2}{Spherical Co-ordinate System}{subsection.3.1}% 21
\BOOKMARK [3][-]{subsubsection.3.1.3}{Toroidal Co-ordinate System}{subsection.3.1}% 22
\BOOKMARK [2][-]{subsection.3.2}{Plane Direction}{section.3}% 23
\BOOKMARK [2][-]{subsection.3.3}{New Meshing of Curved Primitive Solids}{section.3}% 24
\BOOKMARK [3][-]{subsubsection.3.3.1}{Degenerate Points}{subsection.3.3}% 25
\BOOKMARK [3][-]{subsubsection.3.3.2}{Boolean Operations}{subsection.3.3}% 26
\BOOKMARK [3][-]{subsubsection.3.3.3}{Summary}{subsection.3.3}% 27
\BOOKMARK [2][-]{subsection.3.4}{Meshing Performance Testing}{section.3}% 28
\BOOKMARK [3][-]{subsubsection.3.4.1}{Polygon Count}{subsection.3.4}% 29
\BOOKMARK [1][-]{section.4}{BDSIM Geometry Simulation}{}% 30
\BOOKMARK [2][-]{subsection.4.1}{Monte Carlo Simulation}{section.4}% 31
\BOOKMARK [2][-]{subsection.4.2}{Simple Solid Target}{section.4}% 32
\BOOKMARK [2][-]{subsection.4.3}{Titanium Sphere Interactions}{section.4}% 33
\BOOKMARK [3][-]{subsubsection.4.3.1}{Error Reduction}{subsection.4.3}% 34
\BOOKMARK [2][-]{subsection.4.4}{Selection of Material}{section.4}% 35
\BOOKMARK [3][-]{subsubsection.4.4.1}{Stopping Power}{subsection.4.4}% 36
\BOOKMARK [2][-]{subsection.4.5}{Interactions with CAD}{section.4}% 37
\BOOKMARK [1][-]{section.5}{Conclusion \046 Summary}{}% 38
\BOOKMARK [2][-]{subsection.5.1}{Improvements \046 observations}{section.5}% 39
\BOOKMARK [2][-]{subsection.5.2}{Applications}{section.5}% 40
\BOOKMARK [2][-]{subsection.5.3}{Summay}{section.5}% 41
\BOOKMARK [2][-]{subsection.5.4}{Project Extensions}{section.5}% 42
\BOOKMARK [1][-]{appendix.A}{Appendix \(python scripts\)}{}% 43
\BOOKMARK [2][-]{subsection.A.1}{Sphere BDSIM Vary Mesh Test}{appendix.A}% 44
\BOOKMARK [1][-]{appendix.B}{All Meshed Solids and Polygon Count Plots}{}% 45
\BOOKMARK [2][-]{subsubsection.B.0.1}{Cons}{appendix.B}% 46
\BOOKMARK [3][-]{subsubsection.B.0.2}{CutTubs}{subsubsection.B.0.1}% 47
\BOOKMARK [3][-]{subsubsection.B.0.3}{Ellipsoid}{subsubsection.B.0.1}% 48
\BOOKMARK [3][-]{subsubsection.B.0.4}{EllipticalCone}{subsubsection.B.0.1}% 49
\BOOKMARK [3][-]{subsubsection.B.0.5}{EllipticalTube}{subsubsection.B.0.1}% 50
\BOOKMARK [3][-]{subsubsection.B.0.6}{Hyperboloid}{subsubsection.B.0.1}% 51
\BOOKMARK [3][-]{subsubsection.B.0.7}{Orb}{subsubsection.B.0.1}% 52
\BOOKMARK [3][-]{subsubsection.B.0.8}{Paraboloid}{subsubsection.B.0.1}% 53
\BOOKMARK [3][-]{subsubsection.B.0.9}{Polycone}{subsubsection.B.0.1}% 54
\BOOKMARK [3][-]{subsubsection.B.0.10}{Sphere}{subsubsection.B.0.1}% 55
\BOOKMARK [3][-]{subsubsection.B.0.11}{Torus}{subsubsection.B.0.1}% 56
\BOOKMARK [3][-]{subsubsection.B.0.12}{Tubs}{subsubsection.B.0.1}% 57
\BOOKMARK [1][-]{appendix.C}{Quadratic Parameters for polygon count plots}{}% 58
\BOOKMARK [1][-]{appendix.D}{Prototype FreeCAD Magnet}{}% 59
