This is pdfTeX, Version 3.14159265-2.6-1.40.18 (MiKTeX 2.9.6500 64-bit) (preloaded format=pdflatex 2017.12.6)  4 MAR 2020 22:40
entering extended mode
**./Major_Project.tex
(Major_Project.tex
LaTeX2e <2017-04-15>
Babel <3.15> and hyphenation patterns for 75 language(s) loaded.
("C:\Program Files\MiKTeX 2.9\tex\latex\base\article.cls"
Document Class: article 2014/09/29 v1.4h Standard LaTeX document class
("C:\Program Files\MiKTeX 2.9\tex\latex\base\size12.clo"
File: size12.clo 2014/09/29 v1.4h Standard LaTeX file (size option)
)
\c@part=\count79
\c@section=\count80
\c@subsection=\count81
\c@subsubsection=\count82
\c@paragraph=\count83
\c@subparagraph=\count84
\c@figure=\count85
\c@table=\count86
\abovecaptionskip=\skip41
\belowcaptionskip=\skip42
\bibindent=\dimen102
)
("C:\Program Files\MiKTeX 2.9\tex\latex\graphics\graphicx.sty"
Package: graphicx 2017/06/01 v1.1a Enhanced LaTeX Graphics (DPC,SPQR)

("C:\Program Files\MiKTeX 2.9\tex\latex\graphics\keyval.sty"
Package: keyval 2014/10/28 v1.15 key=value parser (DPC)
\KV@toks@=\toks14
)
("C:\Program Files\MiKTeX 2.9\tex\latex\graphics\graphics.sty"
Package: graphics 2017/06/25 v1.2c Standard LaTeX Graphics (DPC,SPQR)

("C:\Program Files\MiKTeX 2.9\tex\latex\graphics\trig.sty"
Package: trig 2016/01/03 v1.10 sin cos tan (DPC)
)
("C:\Program Files\MiKTeX 2.9\tex\latex\graphics-cfg\graphics.cfg"
File: graphics.cfg 2016/06/04 v1.11 sample graphics configuration
)
Package graphics Info: Driver file: pdftex.def on input line 99.

("C:\Program Files\MiKTeX 2.9\tex\latex\graphics-def\pdftex.def"
File: pdftex.def 2017/06/24 v1.0g Graphics/color driver for pdftex
))
\Gin@req@height=\dimen103
\Gin@req@width=\dimen104
)
("C:\Program Files\MiKTeX 2.9\tex\latex\hyperref\hyperref.sty"
Package: hyperref 2017/03/14 v6.85a Hypertext links for LaTeX

("C:\Program Files\MiKTeX 2.9\tex\generic\oberdiek\hobsub-hyperref.sty"
Package: hobsub-hyperref 2016/05/16 v1.14 Bundle oberdiek, subset hyperref (HO)


("C:\Program Files\MiKTeX 2.9\tex\generic\oberdiek\hobsub-generic.sty"
Package: hobsub-generic 2016/05/16 v1.14 Bundle oberdiek, subset generic (HO)
Package: hobsub 2016/05/16 v1.14 Construct package bundles (HO)
Package: infwarerr 2016/05/16 v1.4 Providing info/warning/error messages (HO)
Package: ltxcmds 2016/05/16 v1.23 LaTeX kernel commands for general use (HO)
Package: ifluatex 2016/05/16 v1.4 Provides the ifluatex switch (HO)
Package ifluatex Info: LuaTeX not detected.
Package: ifvtex 2016/05/16 v1.6 Detect VTeX and its facilities (HO)
Package ifvtex Info: VTeX not detected.
Package: intcalc 2016/05/16 v1.2 Expandable calculations with integers (HO)
Package: ifpdf 2017/03/15 v3.2 Provides the ifpdf switch
Package: etexcmds 2016/05/16 v1.6 Avoid name clashes with e-TeX commands (HO)
Package etexcmds Info: Could not find \expanded.
(etexcmds)             That can mean that you are not using pdfTeX 1.50 or
(etexcmds)             that some package has redefined \expanded.
(etexcmds)             In the latter case, load this package earlier.
Package: kvsetkeys 2016/05/16 v1.17 Key value parser (HO)
Package: kvdefinekeys 2016/05/16 v1.4 Define keys (HO)
Package: pdftexcmds 2017/03/19 v0.25 Utility functions of pdfTeX for LuaTeX (HO
)
Package pdftexcmds Info: LuaTeX not detected.
Package pdftexcmds Info: \pdf@primitive is available.
Package pdftexcmds Info: \pdf@ifprimitive is available.
Package pdftexcmds Info: \pdfdraftmode found.
Package: pdfescape 2016/05/16 v1.14 Implements pdfTeX's escape features (HO)
Package: bigintcalc 2016/05/16 v1.4 Expandable calculations on big integers (HO
)
Package: bitset 2016/05/16 v1.2 Handle bit-vector datatype (HO)
Package: uniquecounter 2016/05/16 v1.3 Provide unlimited unique counter (HO)
)
Package hobsub Info: Skipping package `hobsub' (already loaded).
Package: letltxmacro 2016/05/16 v1.5 Let assignment for LaTeX macros (HO)
Package: hopatch 2016/05/16 v1.3 Wrapper for package hooks (HO)
Package: xcolor-patch 2016/05/16 xcolor patch
Package: atveryend 2016/05/16 v1.9 Hooks at the very end of document (HO)
Package atveryend Info: \enddocument detected (standard20110627).
Package: atbegshi 2016/06/09 v1.18 At begin shipout hook (HO)
Package: refcount 2016/05/16 v3.5 Data extraction from label references (HO)
Package: hycolor 2016/05/16 v1.8 Color options for hyperref/bookmark (HO)
)
("C:\Program Files\MiKTeX 2.9\tex\generic\ifxetex\ifxetex.sty"
Package: ifxetex 2010/09/12 v0.6 Provides ifxetex conditional
)
("C:\Program Files\MiKTeX 2.9\tex\latex\oberdiek\auxhook.sty"
Package: auxhook 2016/05/16 v1.4 Hooks for auxiliary files (HO)
)
("C:\Program Files\MiKTeX 2.9\tex\latex\oberdiek\kvoptions.sty"
Package: kvoptions 2016/05/16 v3.12 Key value format for package options (HO)
)
\@linkdim=\dimen105
\Hy@linkcounter=\count87
\Hy@pagecounter=\count88

("C:\Program Files\MiKTeX 2.9\tex\latex\hyperref\pd1enc.def"
File: pd1enc.def 2017/03/14 v6.85a Hyperref: PDFDocEncoding definition (HO)
)
\Hy@SavedSpaceFactor=\count89

("C:\Program Files\MiKTeX 2.9\tex\latex\00miktex\hyperref.cfg"
File: hyperref.cfg 2002/06/06 v1.2 hyperref configuration of TeXLive
)
Package hyperref Info: Hyper figures OFF on input line 4498.
Package hyperref Info: Link nesting OFF on input line 4503.
Package hyperref Info: Hyper index ON on input line 4506.
Package hyperref Info: Plain pages OFF on input line 4513.
Package hyperref Info: Backreferencing OFF on input line 4518.
Package hyperref Info: Implicit mode ON; LaTeX internals redefined.
Package hyperref Info: Bookmarks ON on input line 4751.
\c@Hy@tempcnt=\count90

("C:\Program Files\MiKTeX 2.9\tex\latex\url\url.sty"
\Urlmuskip=\muskip10
Package: url 2013/09/16  ver 3.4  Verb mode for urls, etc.
)
LaTeX Info: Redefining \url on input line 5104.
\XeTeXLinkMargin=\dimen106
\Fld@menulength=\count91
\Field@Width=\dimen107
\Fld@charsize=\dimen108
Package hyperref Info: Hyper figures OFF on input line 6358.
Package hyperref Info: Link nesting OFF on input line 6363.
Package hyperref Info: Hyper index ON on input line 6366.
Package hyperref Info: backreferencing OFF on input line 6373.
Package hyperref Info: Link coloring OFF on input line 6378.
Package hyperref Info: Link coloring with OCG OFF on input line 6383.
Package hyperref Info: PDF/A mode OFF on input line 6388.
LaTeX Info: Redefining \ref on input line 6428.
LaTeX Info: Redefining \pageref on input line 6432.
\Hy@abspage=\count92
\c@Item=\count93
\c@Hfootnote=\count94
)

Package hyperref Message: Driver (autodetected): hpdftex.

("C:\Program Files\MiKTeX 2.9\tex\latex\hyperref\hpdftex.def"
File: hpdftex.def 2017/03/14 v6.85a Hyperref driver for pdfTeX
\Fld@listcount=\count95
\c@bookmark@seq@number=\count96

("C:\Program Files\MiKTeX 2.9\tex\latex\oberdiek\rerunfilecheck.sty"
Package: rerunfilecheck 2016/05/16 v1.8 Rerun checks for auxiliary files (HO)
Package uniquecounter Info: New unique counter `rerunfilecheck' on input line 2
82.
)
\Hy@SectionHShift=\skip43
)
("C:\Program Files\MiKTeX 2.9\tex\latex\braket\braket.sty")
("C:\Program Files\MiKTeX 2.9\tex\latex\amsmath\amsmath.sty"
Package: amsmath 2017/09/02 v2.17a AMS math features
\@mathmargin=\skip44

For additional information on amsmath, use the `?' option.
("C:\Program Files\MiKTeX 2.9\tex\latex\amsmath\amstext.sty"
Package: amstext 2000/06/29 v2.01 AMS text

("C:\Program Files\MiKTeX 2.9\tex\latex\amsmath\amsgen.sty"
File: amsgen.sty 1999/11/30 v2.0 generic functions
\@emptytoks=\toks15
\ex@=\dimen109
))
("C:\Program Files\MiKTeX 2.9\tex\latex\amsmath\amsbsy.sty"
Package: amsbsy 1999/11/29 v1.2d Bold Symbols
\pmbraise@=\dimen110
)
("C:\Program Files\MiKTeX 2.9\tex\latex\amsmath\amsopn.sty"
Package: amsopn 2016/03/08 v2.02 operator names
)
\inf@bad=\count97
LaTeX Info: Redefining \frac on input line 213.
\uproot@=\count98
\leftroot@=\count99
LaTeX Info: Redefining \overline on input line 375.
\classnum@=\count100
\DOTSCASE@=\count101
LaTeX Info: Redefining \ldots on input line 472.
LaTeX Info: Redefining \dots on input line 475.
LaTeX Info: Redefining \cdots on input line 596.
\Mathstrutbox@=\box26
\strutbox@=\box27
\big@size=\dimen111
LaTeX Font Info:    Redeclaring font encoding OML on input line 712.
LaTeX Font Info:    Redeclaring font encoding OMS on input line 713.
\macc@depth=\count102
\c@MaxMatrixCols=\count103
\dotsspace@=\muskip11
\c@parentequation=\count104
\dspbrk@lvl=\count105
\tag@help=\toks16
\row@=\count106
\column@=\count107
\maxfields@=\count108
\andhelp@=\toks17
\eqnshift@=\dimen112
\alignsep@=\dimen113
\tagshift@=\dimen114
\tagwidth@=\dimen115
\totwidth@=\dimen116
\lineht@=\dimen117
\@envbody=\toks18
\multlinegap=\skip45
\multlinetaggap=\skip46
\mathdisplay@stack=\toks19
LaTeX Info: Redefining \[ on input line 2817.
LaTeX Info: Redefining \] on input line 2818.
)
("C:\Program Files\MiKTeX 2.9\tex\latex\base\inputenc.sty"
Package: inputenc 2015/03/17 v1.2c Input encoding file
\inpenc@prehook=\toks20
\inpenc@posthook=\toks21

("C:\Program Files\MiKTeX 2.9\tex\latex\base\utf8.def"
File: utf8.def 2017/01/28 v1.1t UTF-8 support for inputenc
Now handling font encoding OML ...
... no UTF-8 mapping file for font encoding OML
Now handling font encoding T1 ...
... processing UTF-8 mapping file for font encoding T1

("C:\Program Files\MiKTeX 2.9\tex\latex\base\t1enc.dfu"
File: t1enc.dfu 2017/01/28 v1.1t UTF-8 support for inputenc
   defining Unicode char U+00A0 (decimal 160)
   defining Unicode char U+00A1 (decimal 161)
   defining Unicode char U+00A3 (decimal 163)
   defining Unicode char U+00AB (decimal 171)
   defining Unicode char U+00AD (decimal 173)
   defining Unicode char U+00BB (decimal 187)
   defining Unicode char U+00BF (decimal 191)
   defining Unicode char U+00C0 (decimal 192)
   defining Unicode char U+00C1 (decimal 193)
   defining Unicode char U+00C2 (decimal 194)
   defining Unicode char U+00C3 (decimal 195)
   defining Unicode char U+00C4 (decimal 196)
   defining Unicode char U+00C5 (decimal 197)
   defining Unicode char U+00C6 (decimal 198)
   defining Unicode char U+00C7 (decimal 199)
   defining Unicode char U+00C8 (decimal 200)
   defining Unicode char U+00C9 (decimal 201)
   defining Unicode char U+00CA (decimal 202)
   defining Unicode char U+00CB (decimal 203)
   defining Unicode char U+00CC (decimal 204)
   defining Unicode char U+00CD (decimal 205)
   defining Unicode char U+00CE (decimal 206)
   defining Unicode char U+00CF (decimal 207)
   defining Unicode char U+00D0 (decimal 208)
   defining Unicode char U+00D1 (decimal 209)
   defining Unicode char U+00D2 (decimal 210)
   defining Unicode char U+00D3 (decimal 211)
   defining Unicode char U+00D4 (decimal 212)
   defining Unicode char U+00D5 (decimal 213)
   defining Unicode char U+00D6 (decimal 214)
   defining Unicode char U+00D8 (decimal 216)
   defining Unicode char U+00D9 (decimal 217)
   defining Unicode char U+00DA (decimal 218)
   defining Unicode char U+00DB (decimal 219)
   defining Unicode char U+00DC (decimal 220)
   defining Unicode char U+00DD (decimal 221)
   defining Unicode char U+00DE (decimal 222)
   defining Unicode char U+00DF (decimal 223)
   defining Unicode char U+00E0 (decimal 224)
   defining Unicode char U+00E1 (decimal 225)
   defining Unicode char U+00E2 (decimal 226)
   defining Unicode char U+00E3 (decimal 227)
   defining Unicode char U+00E4 (decimal 228)
   defining Unicode char U+00E5 (decimal 229)
   defining Unicode char U+00E6 (decimal 230)
   defining Unicode char U+00E7 (decimal 231)
   defining Unicode char U+00E8 (decimal 232)
   defining Unicode char U+00E9 (decimal 233)
   defining Unicode char U+00EA (decimal 234)
   defining Unicode char U+00EB (decimal 235)
   defining Unicode char U+00EC (decimal 236)
   defining Unicode char U+00ED (decimal 237)
   defining Unicode char U+00EE (decimal 238)
   defining Unicode char U+00EF (decimal 239)
   defining Unicode char U+00F0 (decimal 240)
   defining Unicode char U+00F1 (decimal 241)
   defining Unicode char U+00F2 (decimal 242)
   defining Unicode char U+00F3 (decimal 243)
   defining Unicode char U+00F4 (decimal 244)
   defining Unicode char U+00F5 (decimal 245)
   defining Unicode char U+00F6 (decimal 246)
   defining Unicode char U+00F8 (decimal 248)
   defining Unicode char U+00F9 (decimal 249)
   defining Unicode char U+00FA (decimal 250)
   defining Unicode char U+00FB (decimal 251)
   defining Unicode char U+00FC (decimal 252)
   defining Unicode char U+00FD (decimal 253)
   defining Unicode char U+00FE (decimal 254)
   defining Unicode char U+00FF (decimal 255)
   defining Unicode char U+0100 (decimal 256)
   defining Unicode char U+0101 (decimal 257)
   defining Unicode char U+0102 (decimal 258)
   defining Unicode char U+0103 (decimal 259)
   defining Unicode char U+0104 (decimal 260)
   defining Unicode char U+0105 (decimal 261)
   defining Unicode char U+0106 (decimal 262)
   defining Unicode char U+0107 (decimal 263)
   defining Unicode char U+0108 (decimal 264)
   defining Unicode char U+0109 (decimal 265)
   defining Unicode char U+010A (decimal 266)
   defining Unicode char U+010B (decimal 267)
   defining Unicode char U+010C (decimal 268)
   defining Unicode char U+010D (decimal 269)
   defining Unicode char U+010E (decimal 270)
   defining Unicode char U+010F (decimal 271)
   defining Unicode char U+0110 (decimal 272)
   defining Unicode char U+0111 (decimal 273)
   defining Unicode char U+0112 (decimal 274)
   defining Unicode char U+0113 (decimal 275)
   defining Unicode char U+0114 (decimal 276)
   defining Unicode char U+0115 (decimal 277)
   defining Unicode char U+0116 (decimal 278)
   defining Unicode char U+0117 (decimal 279)
   defining Unicode char U+0118 (decimal 280)
   defining Unicode char U+0119 (decimal 281)
   defining Unicode char U+011A (decimal 282)
   defining Unicode char U+011B (decimal 283)
   defining Unicode char U+011C (decimal 284)
   defining Unicode char U+011D (decimal 285)
   defining Unicode char U+011E (decimal 286)
   defining Unicode char U+011F (decimal 287)
   defining Unicode char U+0120 (decimal 288)
   defining Unicode char U+0121 (decimal 289)
   defining Unicode char U+0122 (decimal 290)
   defining Unicode char U+0123 (decimal 291)
   defining Unicode char U+0124 (decimal 292)
   defining Unicode char U+0125 (decimal 293)
   defining Unicode char U+0128 (decimal 296)
   defining Unicode char U+0129 (decimal 297)
   defining Unicode char U+012A (decimal 298)
   defining Unicode char U+012B (decimal 299)
   defining Unicode char U+012C (decimal 300)
   defining Unicode char U+012D (decimal 301)
   defining Unicode char U+012E (decimal 302)
   defining Unicode char U+012F (decimal 303)
   defining Unicode char U+0130 (decimal 304)
   defining Unicode char U+0131 (decimal 305)
   defining Unicode char U+0132 (decimal 306)
   defining Unicode char U+0133 (decimal 307)
   defining Unicode char U+0134 (decimal 308)
   defining Unicode char U+0135 (decimal 309)
   defining Unicode char U+0136 (decimal 310)
   defining Unicode char U+0137 (decimal 311)
   defining Unicode char U+0139 (decimal 313)
   defining Unicode char U+013A (decimal 314)
   defining Unicode char U+013B (decimal 315)
   defining Unicode char U+013C (decimal 316)
   defining Unicode char U+013D (decimal 317)
   defining Unicode char U+013E (decimal 318)
   defining Unicode char U+0141 (decimal 321)
   defining Unicode char U+0142 (decimal 322)
   defining Unicode char U+0143 (decimal 323)
   defining Unicode char U+0144 (decimal 324)
   defining Unicode char U+0145 (decimal 325)
   defining Unicode char U+0146 (decimal 326)
   defining Unicode char U+0147 (decimal 327)
   defining Unicode char U+0148 (decimal 328)
   defining Unicode char U+014A (decimal 330)
   defining Unicode char U+014B (decimal 331)
   defining Unicode char U+014C (decimal 332)
   defining Unicode char U+014D (decimal 333)
   defining Unicode char U+014E (decimal 334)
   defining Unicode char U+014F (decimal 335)
   defining Unicode char U+0150 (decimal 336)
   defining Unicode char U+0151 (decimal 337)
   defining Unicode char U+0152 (decimal 338)
   defining Unicode char U+0153 (decimal 339)
   defining Unicode char U+0154 (decimal 340)
   defining Unicode char U+0155 (decimal 341)
   defining Unicode char U+0156 (decimal 342)
   defining Unicode char U+0157 (decimal 343)
   defining Unicode char U+0158 (decimal 344)
   defining Unicode char U+0159 (decimal 345)
   defining Unicode char U+015A (decimal 346)
   defining Unicode char U+015B (decimal 347)
   defining Unicode char U+015C (decimal 348)
   defining Unicode char U+015D (decimal 349)
   defining Unicode char U+015E (decimal 350)
   defining Unicode char U+015F (decimal 351)
   defining Unicode char U+0160 (decimal 352)
   defining Unicode char U+0161 (decimal 353)
   defining Unicode char U+0162 (decimal 354)
   defining Unicode char U+0163 (decimal 355)
   defining Unicode char U+0164 (decimal 356)
   defining Unicode char U+0165 (decimal 357)
   defining Unicode char U+0168 (decimal 360)
   defining Unicode char U+0169 (decimal 361)
   defining Unicode char U+016A (decimal 362)
   defining Unicode char U+016B (decimal 363)
   defining Unicode char U+016C (decimal 364)
   defining Unicode char U+016D (decimal 365)
   defining Unicode char U+016E (decimal 366)
   defining Unicode char U+016F (decimal 367)
   defining Unicode char U+0170 (decimal 368)
   defining Unicode char U+0171 (decimal 369)
   defining Unicode char U+0172 (decimal 370)
   defining Unicode char U+0173 (decimal 371)
   defining Unicode char U+0174 (decimal 372)
   defining Unicode char U+0175 (decimal 373)
   defining Unicode char U+0176 (decimal 374)
   defining Unicode char U+0177 (decimal 375)
   defining Unicode char U+0178 (decimal 376)
   defining Unicode char U+0179 (decimal 377)
   defining Unicode char U+017A (decimal 378)
   defining Unicode char U+017B (decimal 379)
   defining Unicode char U+017C (decimal 380)
   defining Unicode char U+017D (decimal 381)
   defining Unicode char U+017E (decimal 382)
   defining Unicode char U+01CD (decimal 461)
   defining Unicode char U+01CE (decimal 462)
   defining Unicode char U+01CF (decimal 463)
   defining Unicode char U+01D0 (decimal 464)
   defining Unicode char U+01D1 (decimal 465)
   defining Unicode char U+01D2 (decimal 466)
   defining Unicode char U+01D3 (decimal 467)
   defining Unicode char U+01D4 (decimal 468)
   defining Unicode char U+01E2 (decimal 482)
   defining Unicode char U+01E3 (decimal 483)
   defining Unicode char U+01E6 (decimal 486)
   defining Unicode char U+01E7 (decimal 487)
   defining Unicode char U+01E8 (decimal 488)
   defining Unicode char U+01E9 (decimal 489)
   defining Unicode char U+01EA (decimal 490)
   defining Unicode char U+01EB (decimal 491)
   defining Unicode char U+01F0 (decimal 496)
   defining Unicode char U+01F4 (decimal 500)
   defining Unicode char U+01F5 (decimal 501)
   defining Unicode char U+0218 (decimal 536)
   defining Unicode char U+0219 (decimal 537)
   defining Unicode char U+021A (decimal 538)
   defining Unicode char U+021B (decimal 539)
   defining Unicode char U+0232 (decimal 562)
   defining Unicode char U+0233 (decimal 563)
   defining Unicode char U+1E02 (decimal 7682)
   defining Unicode char U+1E03 (decimal 7683)
   defining Unicode char U+200C (decimal 8204)
   defining Unicode char U+2010 (decimal 8208)
   defining Unicode char U+2011 (decimal 8209)
   defining Unicode char U+2012 (decimal 8210)
   defining Unicode char U+2013 (decimal 8211)
   defining Unicode char U+2014 (decimal 8212)
   defining Unicode char U+2015 (decimal 8213)
   defining Unicode char U+2018 (decimal 8216)
   defining Unicode char U+2019 (decimal 8217)
   defining Unicode char U+201A (decimal 8218)
   defining Unicode char U+201C (decimal 8220)
   defining Unicode char U+201D (decimal 8221)
   defining Unicode char U+201E (decimal 8222)
   defining Unicode char U+2030 (decimal 8240)
   defining Unicode char U+2031 (decimal 8241)
   defining Unicode char U+2039 (decimal 8249)
   defining Unicode char U+203A (decimal 8250)
   defining Unicode char U+2423 (decimal 9251)
   defining Unicode char U+1E20 (decimal 7712)
   defining Unicode char U+1E21 (decimal 7713)
)
Now handling font encoding OT1 ...
... processing UTF-8 mapping file for font encoding OT1

("C:\Program Files\MiKTeX 2.9\tex\latex\base\ot1enc.dfu"
File: ot1enc.dfu 2017/01/28 v1.1t UTF-8 support for inputenc
   defining Unicode char U+00A0 (decimal 160)
   defining Unicode char U+00A1 (decimal 161)
   defining Unicode char U+00A3 (decimal 163)
   defining Unicode char U+00AD (decimal 173)
   defining Unicode char U+00B8 (decimal 184)
   defining Unicode char U+00BF (decimal 191)
   defining Unicode char U+00C5 (decimal 197)
   defining Unicode char U+00C6 (decimal 198)
   defining Unicode char U+00D8 (decimal 216)
   defining Unicode char U+00DF (decimal 223)
   defining Unicode char U+00E6 (decimal 230)
   defining Unicode char U+00EC (decimal 236)
   defining Unicode char U+00ED (decimal 237)
   defining Unicode char U+00EE (decimal 238)
   defining Unicode char U+00EF (decimal 239)
   defining Unicode char U+00F8 (decimal 248)
   defining Unicode char U+0131 (decimal 305)
   defining Unicode char U+0141 (decimal 321)
   defining Unicode char U+0142 (decimal 322)
   defining Unicode char U+0152 (decimal 338)
   defining Unicode char U+0153 (decimal 339)
   defining Unicode char U+0174 (decimal 372)
   defining Unicode char U+0175 (decimal 373)
   defining Unicode char U+0176 (decimal 374)
   defining Unicode char U+0177 (decimal 375)
   defining Unicode char U+0218 (decimal 536)
   defining Unicode char U+0219 (decimal 537)
   defining Unicode char U+021A (decimal 538)
   defining Unicode char U+021B (decimal 539)
   defining Unicode char U+2013 (decimal 8211)
   defining Unicode char U+2014 (decimal 8212)
   defining Unicode char U+2018 (decimal 8216)
   defining Unicode char U+2019 (decimal 8217)
   defining Unicode char U+201C (decimal 8220)
   defining Unicode char U+201D (decimal 8221)
)
Now handling font encoding OMS ...
... processing UTF-8 mapping file for font encoding OMS

("C:\Program Files\MiKTeX 2.9\tex\latex\base\omsenc.dfu"
File: omsenc.dfu 2017/01/28 v1.1t UTF-8 support for inputenc
   defining Unicode char U+00A7 (decimal 167)
   defining Unicode char U+00B6 (decimal 182)
   defining Unicode char U+00B7 (decimal 183)
   defining Unicode char U+2020 (decimal 8224)
   defining Unicode char U+2021 (decimal 8225)
   defining Unicode char U+2022 (decimal 8226)
)
Now handling font encoding OMX ...
... no UTF-8 mapping file for font encoding OMX
Now handling font encoding U ...
... no UTF-8 mapping file for font encoding U
Now handling font encoding PD1 ...
... no UTF-8 mapping file for font encoding PD1
   defining Unicode char U+00A9 (decimal 169)
   defining Unicode char U+00AA (decimal 170)
   defining Unicode char U+00AE (decimal 174)
   defining Unicode char U+00BA (decimal 186)
   defining Unicode char U+02C6 (decimal 710)
   defining Unicode char U+02DC (decimal 732)
   defining Unicode char U+200C (decimal 8204)
   defining Unicode char U+2026 (decimal 8230)
   defining Unicode char U+2122 (decimal 8482)
   defining Unicode char U+2423 (decimal 9251)
))
("C:\Program Files\MiKTeX 2.9\tex\generic\babel\babel.sty"
Package: babel 2017/11/03 3.15 The Babel package

("C:\Program Files\MiKTeX 2.9\tex\generic\babel\switch.def"
File: switch.def 2017/11/03 3.15 Babel switching mechanism
)
*************************************
* Local config file bblopts.cfg used
*
("C:\Program Files\MiKTeX 2.9\tex\latex\arabi\bblopts.cfg"
File: bblopts.cfg 2005/09/08 v0.1 add Arabic and Farsi to "declared" options of
 babel
)
("C:\Program Files\MiKTeX 2.9\tex\latex\babel-english\english.ldf"
Language: english 2017/06/06 v3.3r English support from the babel system

("C:\Program Files\MiKTeX 2.9\tex\generic\babel\babel.def"
File: babel.def 2017/11/03 3.15 Babel common definitions

("C:\Program Files\MiKTeX 2.9\tex\generic\babel\switch.def"
File: switch.def 2017/11/03 3.15 Babel switching mechanism
)
\babel@savecnt=\count109
\U@D=\dimen118
)
\l@canadian = a dialect from \language\l@american 
\l@australian = a dialect from \language\l@british 
\l@newzealand = a dialect from \language\l@british 
))
("C:\Program Files\MiKTeX 2.9\tex\latex\listings\listings.sty"
\lst@mode=\count110
\lst@gtempboxa=\box28
\lst@token=\toks22
\lst@length=\count111
\lst@currlwidth=\dimen119
\lst@column=\count112
\lst@pos=\count113
\lst@lostspace=\dimen120
\lst@width=\dimen121
\lst@newlines=\count114
\lst@lineno=\count115
\lst@maxwidth=\dimen122

("C:\Program Files\MiKTeX 2.9\tex\latex\listings\lstmisc.sty"
File: lstmisc.sty 2015/06/04 1.6 (Carsten Heinz)
\c@lstnumber=\count116
\lst@skipnumbers=\count117
\lst@framebox=\box29
)
("C:\Program Files\MiKTeX 2.9\tex\latex\listings\listings.cfg"
File: listings.cfg 2015/06/04 1.6 listings configuration
))
Package: listings 2015/06/04 1.6 (Carsten Heinz)

("C:\Program Files\MiKTeX 2.9\tex\latex\graphics\color.sty"
Package: color 2016/07/10 v1.1e Standard LaTeX Color (DPC)

("C:\Program Files\MiKTeX 2.9\tex\latex\graphics-cfg\color.cfg"
File: color.cfg 2016/01/02 v1.6 sample color configuration
)
Package color Info: Driver file: pdftex.def on input line 147.
)
("C:\Program Files\MiKTeX 2.9\tex\latex\geometry\geometry.sty"
Package: geometry 2010/09/12 v5.6 Page Geometry
\Gm@cnth=\count118
\Gm@cntv=\count119
\c@Gm@tempcnt=\count120
\Gm@bindingoffset=\dimen123
\Gm@wd@mp=\dimen124
\Gm@odd@mp=\dimen125
\Gm@even@mp=\dimen126
\Gm@layoutwidth=\dimen127
\Gm@layoutheight=\dimen128
\Gm@layouthoffset=\dimen129
\Gm@layoutvoffset=\dimen130
\Gm@dimlist=\toks23

("C:\Program Files\MiKTeX 2.9\tex\latex\geometry\geometry.cfg"))
("C:\Program Files\MiKTeX 2.9\tex\latex\subfigure\subfigure.sty"
Package: subfigure 2002/07/30 v2.1.4 subfigure package
\subfigtopskip=\skip47
\subfigcapskip=\skip48
\subfigcaptopadj=\dimen131
\subfigbottomskip=\skip49
\subfigcapmargin=\dimen132
\subfiglabelskip=\skip50
\c@subfigure=\count121
\c@lofdepth=\count122
\c@subtable=\count123
\c@lotdepth=\count124

****************************************
* Local config file subfigure.cfg used *
****************************************
("C:\Program Files\MiKTeX 2.9\tex\latex\subfigure\subfigure.cfg")
\subfig@top=\skip51
\subfig@bottom=\skip52
)
("C:\Program Files\MiKTeX 2.9\tex\latex\tools\afterpage.sty"
Package: afterpage 2014/10/28 v1.08 After-Page Package (DPC)
\AP@output=\toks24
\AP@partial=\box30
\AP@footins=\box31
)
("C:\Program Files\MiKTeX 2.9\tex\generic\genmisc\nth.sty"
Package: nth 2002/02/27
)
("C:\Program Files\MiKTeX 2.9\tex\latex\was\gensymb.sty"
Package: gensymb 2003/07/02 v1.0 (WaS)
)
("C:\Program Files\MiKTeX 2.9\tex\latex\xcolor\xcolor.sty"
Package: xcolor 2016/05/11 v2.12 LaTeX color extensions (UK)

("C:\Program Files\MiKTeX 2.9\tex\latex\graphics-cfg\color.cfg"
File: color.cfg 2016/01/02 v1.6 sample color configuration
)
Package xcolor Info: Driver file: pdftex.def on input line 225.
LaTeX Info: Redefining \color on input line 709.
Package xcolor Info: Model `cmy' substituted by `cmy0' on input line 1348.
Package xcolor Info: Model `hsb' substituted by `rgb' on input line 1352.
Package xcolor Info: Model `RGB' extended on input line 1364.
Package xcolor Info: Model `HTML' substituted by `rgb' on input line 1366.
Package xcolor Info: Model `Hsb' substituted by `hsb' on input line 1367.
Package xcolor Info: Model `tHsb' substituted by `hsb' on input line 1368.
Package xcolor Info: Model `HSB' substituted by `hsb' on input line 1369.
Package xcolor Info: Model `Gray' substituted by `gray' on input line 1370.
Package xcolor Info: Model `wave' substituted by `hsb' on input line 1371.
)
("C:\Program Files\MiKTeX 2.9\tex\latex\wasysym\wasysym.sty"
Package: wasysym 2003/10/30 v2.0 Wasy-2 symbol support package
\symwasy=\mathgroup4
LaTeX Font Info:    Overwriting symbol font `wasy' in version `bold'
(Font)                  U/wasy/m/n --> U/wasy/b/n on input line 90.
)
("C:\Program Files\MiKTeX 2.9\tex\latex\listings\lstlang1.sty"
File: lstlang1.sty 2015/06/04 1.6 listings language file
)
("C:\Program Files\MiKTeX 2.9\tex\latex\tools\multicol.sty"
Package: multicol 2017/04/11 v1.8q multicolumn formatting (FMi)
\c@tracingmulticols=\count125
\mult@box=\box32
\multicol@leftmargin=\dimen133
\c@unbalance=\count126
\c@collectmore=\count127
\doublecol@number=\count128
\multicoltolerance=\count129
\multicolpretolerance=\count130
\full@width=\dimen134
\page@free=\dimen135
\premulticols=\dimen136
\postmulticols=\dimen137
\multicolsep=\skip53
\multicolbaselineskip=\skip54
\partial@page=\box33
\last@line=\box34
\maxbalancingoverflow=\dimen138
\mult@rightbox=\box35
\mult@grightbox=\box36
\mult@gfirstbox=\box37
\mult@firstbox=\box38
\@tempa=\box39
\@tempa=\box40
\@tempa=\box41
\@tempa=\box42
\@tempa=\box43
\@tempa=\box44
\@tempa=\box45
\@tempa=\box46
\@tempa=\box47
\@tempa=\box48
\@tempa=\box49
\@tempa=\box50
\@tempa=\box51
\@tempa=\box52
\@tempa=\box53
\@tempa=\box54
\@tempa=\box55
\c@columnbadness=\count131
\c@finalcolumnbadness=\count132
\last@try=\dimen139
\multicolovershoot=\dimen140
\multicolundershoot=\dimen141
\mult@nat@firstbox=\box56
\colbreak@box=\box57
\mc@col@check@num=\count133
)
("C:\Program Files\MiKTeX 2.9\tex\latex\caption\caption.sty"
Package: caption 2018/10/06 v3.3-154 Customizing captions (AR)

("C:\Program Files\MiKTeX 2.9\tex\latex\caption\caption3.sty"
Package: caption3 2018/09/12 v1.8c caption3 kernel (AR)
Package caption3 Info: TeX engine: e-TeX on input line 64.
\captionmargin=\dimen142
\captionmargin@=\dimen143
\captionwidth=\dimen144
\caption@tempdima=\dimen145
\caption@indent=\dimen146
\caption@parindent=\dimen147
\caption@hangindent=\dimen148
)
\c@caption@flags=\count134
\c@ContinuedFloat=\count135
Package caption Info: hyperref package is loaded.
Package caption Info: listings package is loaded.
Package caption Info: subfigure package is loaded.
)
(C:\Users\benja\Documents\Major_Project_Report_Local\Major_Project_Report\.texi
teasy\Major_Project.aux

LaTeX Warning: Label `cons' multiply defined.


LaTeX Warning: Label `fig:test2' multiply defined.


LaTeX Warning: Label `sphbd' multiply defined.


LaTeX Warning: Label `tubspic' multiply defined.


LaTeX Warning: Label `sphbd' multiply defined.


LaTeX Warning: Label `' multiply defined.


LaTeX Warning: Label `' multiply defined.


LaTeX Warning: Label `cons' multiply defined.


LaTeX Warning: Label `fig:test2' multiply defined.


LaTeX Warning: Label `fig:test2' multiply defined.


LaTeX Warning: Label `fig:test1' multiply defined.


LaTeX Warning: Label `fig:test2' multiply defined.


LaTeX Warning: Label `fig:test1' multiply defined.


LaTeX Warning: Label `fig:test2' multiply defined.


LaTeX Warning: Label `fig:test1' multiply defined.


LaTeX Warning: Label `fig:test2' multiply defined.


LaTeX Warning: Label `fig:test2' multiply defined.


LaTeX Warning: Label `fig:test2' multiply defined.


LaTeX Warning: Label `fig:test1' multiply defined.


LaTeX Warning: Label `fig:test2' multiply defined.


LaTeX Warning: Label `fig:test1' multiply defined.


LaTeX Warning: Label `fig:test2' multiply defined.


LaTeX Warning: Label `fig:test1' multiply defined.


LaTeX Warning: Label `fig:test2' multiply defined.


LaTeX Warning: Label `fig:test1' multiply defined.


LaTeX Warning: Label `fig:test2' multiply defined.

)
\openout1 = `Major_Project.aux'.

LaTeX Font Info:    Checking defaults for OML/cmm/m/it on input line 86.
LaTeX Font Info:    ... okay on input line 86.
LaTeX Font Info:    Checking defaults for T1/cmr/m/n on input line 86.
LaTeX Font Info:    ... okay on input line 86.
LaTeX Font Info:    Checking defaults for OT1/cmr/m/n on input line 86.
LaTeX Font Info:    ... okay on input line 86.
LaTeX Font Info:    Checking defaults for OMS/cmsy/m/n on input line 86.
LaTeX Font Info:    ... okay on input line 86.
LaTeX Font Info:    Checking defaults for OMX/cmex/m/n on input line 86.
LaTeX Font Info:    ... okay on input line 86.
LaTeX Font Info:    Checking defaults for U/cmr/m/n on input line 86.
LaTeX Font Info:    ... okay on input line 86.
LaTeX Font Info:    Checking defaults for PD1/pdf/m/n on input line 86.
LaTeX Font Info:    ... okay on input line 86.
 ("C:\Program Files\MiKTeX 2.9\tex\context\base\supp-pdf.mkii"
[Loading MPS to PDF converter (version 2006.09.02).]
\scratchcounter=\count136
\scratchdimen=\dimen149
\scratchbox=\box58
\nofMPsegments=\count137
\nofMParguments=\count138
\everyMPshowfont=\toks25
\MPscratchCnt=\count139
\MPscratchDim=\dimen150
\MPnumerator=\count140
\makeMPintoPDFobject=\count141
\everyMPtoPDFconversion=\toks26
) ("C:\Program Files\MiKTeX 2.9\tex\latex\oberdiek\epstopdf-base.sty"
Package: epstopdf-base 2016/05/15 v2.6 Base part for package epstopdf

("C:\Program Files\MiKTeX 2.9\tex\latex\oberdiek\grfext.sty"
Package: grfext 2016/05/16 v1.2 Manage graphics extensions (HO)
)
Package epstopdf-base Info: Redefining graphics rule for `.eps' on input line 4
38.
Package grfext Info: Graphics extension search list:
(grfext)             [.pdf,.png,.jpg,.mps,.jpeg,.jbig2,.jb2,.PDF,.PNG,.JPG,.JPE
G,.JBIG2,.JB2,.eps]
(grfext)             \AppendGraphicsExtensions on input line 456.
)
\AtBeginShipoutBox=\box59
Package hyperref Info: Link coloring OFF on input line 86.

("C:\Program Files\MiKTeX 2.9\tex\latex\hyperref\nameref.sty"
Package: nameref 2016/05/21 v2.44 Cross-referencing by name of section

("C:\Program Files\MiKTeX 2.9\tex\generic\oberdiek\gettitlestring.sty"
Package: gettitlestring 2016/05/16 v1.5 Cleanup title references (HO)
)
\c@section@level=\count142
)
LaTeX Info: Redefining \ref on input line 86.
LaTeX Info: Redefining \pageref on input line 86.
LaTeX Info: Redefining \nameref on input line 86.

(Major_Project.out) (Major_Project.out)
\@outlinefile=\write3
\openout3 = `Major_Project.out'.

\c@lstlisting=\count143

*geometry* driver: auto-detecting
*geometry* detected driver: pdftex
*geometry* verbose mode - [ preamble ] result:
* driver: pdftex
* paper: a4paper
* layout: <same size as paper>
* layoutoffset:(h,v)=(0.0pt,0.0pt)
* modes: 
* h-part:(L,W,R)=(54.2025pt, 489.10287pt, 54.2025pt)
* v-part:(T,H,B)=(54.2025pt, 736.64185pt, 54.2025pt)
* \paperwidth=597.50787pt
* \paperheight=845.04684pt
* \textwidth=489.10287pt
* \textheight=736.64185pt
* \oddsidemargin=-18.06749pt
* \evensidemargin=-18.06749pt
* \topmargin=-55.06749pt
* \headheight=12.0pt
* \headsep=25.0pt
* \topskip=12.0pt
* \footskip=30.0pt
* \marginparwidth=35.0pt
* \marginparsep=10.0pt
* \columnsep=10.0pt
* \skip\footins=10.8pt plus 4.0pt minus 2.0pt
* \hoffset=0.0pt
* \voffset=0.0pt
* \mag=1000
* \@twocolumnfalse
* \@twosidefalse
* \@mparswitchfalse
* \@reversemarginfalse
* (1in=72.27pt=25.4mm, 1cm=28.453pt)

LaTeX Info: Redefining \celsius on input line 86.
Package gensymb Info: Faking symbols for \degree and \celsius on input line 86.


Package gensymb Warning: Not defining \perthousand.

LaTeX Info: Redefining \ohm on input line 86.
Package gensymb Info: Using \Omega for \ohm on input line 86.

Package gensymb Warning: Not defining \micro.

Package caption Info: Begin \AtBeginDocument code.
Package caption Info: End \AtBeginDocument code.
<Images//Logos//rhul.jpg, id=191, 711.4078pt x 355.3275pt>
File: Images//Logos//rhul.jpg Graphic file (type jpg)
<use Images//Logos//rhul.jpg>
Package pdftex.def Info: Images//Logos//rhul.jpg  used on input line 91. on inp
ut line 91.
Package pdftex.def Info: Requested size: 195.63815pt x 97.71265pt on input line
 91.
<Images//Logos//BDSIM_Logo.jpg, id=192, 728.7225pt x 356.33125pt>
File: Images//Logos//BDSIM_Logo.jpg Graphic file (type jpg)
<use Images//Logos//BDSIM_Logo.jpg>
Package pdftex.def Info: Images//Logos//BDSIM_Logo.jpg  used on input line 124.
 on input line 124.
Package pdftex.def Info: Requested size: 117.38408pt x 57.39476pt on input line
 124.
LaTeX Font Info:    Try loading font information for U+wasy on input line 125.
("C:\Program Files\MiKTeX 2.9\tex\latex\wasysym\uwasy.fd"
File: uwasy.fd 2003/10/30 v2.0 Wasy-2 symbol font definitions
)
<Images//Logos//JAI_Logo.jpeg, id=193, 321.2pt x 92.345pt>
File: Images//Logos//JAI_Logo.jpeg Graphic file (type jpg)
<use Images//Logos//JAI_Logo.jpeg>
Package pdftex.def Info: Images//Logos//JAI_Logo.jpeg  used on input line 128. 
on input line 128.
Package pdftex.def Info: Requested size: 146.73235pt x 42.18611pt on input line
 128.

Overfull \hbox (97.82654pt too wide) in paragraph at lines 123--130
 []$[]$$[]$ 
 []

[1

{C:/Users/benja/AppData/Local/MiKTeX/2.9/pdftex/config/pdftex.map} <./Images//L
ogos//rhul.jpg> <./Images//Logos//BDSIM_Logo.jpg> <./Images//Logos//JAI_Logo.jp
eg>]pdfTeX warning (ext4): destination with the same identifier (name{page.1}) 
has been already used, duplicate ignored
<to be read again> 
                   \relax 
l.133 \leavevmode\thispagestyle{empty}\newpage
                                               [1]
(C:\Users\benja\Documents\Major_Project_Report_Local\Major_Project_Report\.texi
teasy\Major_Project.toc [2])
\tf@toc=\write4
\openout4 = `Major_Project.toc'.

 [3]
Underfull \hbox (badness 10000) in paragraph at lines 149--152

 []


Underfull \hbox (badness 10000) in paragraph at lines 164--167

 []

pdfTeX warning (ext4): destination with the same identifier (name{page.1}) has 
been already used, duplicate ignored
<to be read again> 
                   \relax 
l.167 
       [1

]
Underfull \hbox (badness 10000) in paragraph at lines 170--173

 []


Underfull \hbox (badness 10000) in paragraph at lines 176--179

 []


LaTeX Warning: Reference `free' on page 2 undefined on input line 184.

pdfTeX warning (ext4): destination with the same identifier (name{page.2}) has 
been already used, duplicate ignored
<to be read again> 
                   \relax 
l.186 \subsection
                 {Visualisation} [2]
<Images//VTK/sat.png, id=301, 890.8482pt x 542.025pt>
File: Images//VTK/sat.png Graphic file (type png)
<use Images//VTK/sat.png>
Package pdftex.def Info: Images//VTK/sat.png  used on input line 191. on input 
line 191.
Package pdftex.def Info: Requested size: 356.33298pt x 216.80615pt on input lin
e 191.
<Images//BDSIM//screengrab.png, id=303, 963.1182pt x 508.7808pt>
File: Images//BDSIM//screengrab.png Graphic file (type png)
<use Images//BDSIM//screengrab.png>
Package pdftex.def Info: Images//BDSIM//screengrab.png  used on input line 198.
 on input line 198.
Package pdftex.def Info: Requested size: 385.24046pt x 203.50871pt on input lin
e 198.
pdfTeX warning (ext4): destination with the same identifier (name{page.3}) has 
been already used, duplicate ignored
<to be read again> 
                   \relax 
l.205 \newpage
               [3 <./Images//VTK/sat.png> <./Images//BDSIM//screengrab.png>]
Underfull \hbox (badness 10000) in paragraph at lines 208--211

 []


Underfull \hbox (badness 10000) in paragraph at lines 214--218

 []


Underfull \hbox (badness 10000) in paragraph at lines 214--218

 []


Underfull \hbox (badness 10000) in paragraph at lines 214--218

 []

("C:\Program Files\MiKTeX 2.9\tex\latex\listings\lstlang1.sty"
File: lstlang1.sty 2015/06/04 1.6 listings language file
)
Package hyperref Info: bookmark level for unknown lstlisting defaults to 0 on i
nput line 220.


Package xcolor Warning: Incompatible color definition on input line 221.


Package xcolor Warning: Incompatible color definition on input line 223.


Package xcolor Warning: Incompatible color definition on input line 225.


Package xcolor Warning: Incompatible color definition on input line 227.


Package xcolor Warning: Incompatible color definition on input line 229.


Package xcolor Warning: Incompatible color definition on input line 231.

[4]
<Images//Coords//cyl.png, id=342, 1002.74625pt x 464.73625pt>
File: Images//Coords//cyl.png Graphic file (type png)
<use Images//Coords//cyl.png>
Package pdftex.def Info: Images//Coords//cyl.png  used on input line 241. on in
put line 241.
Package pdftex.def Info: Requested size: 451.23164pt x 209.12938pt on input lin
e 241.
<Images//Coords//para.png, id=345, 1076.823pt x 466.3824pt>
File: Images//Coords//para.png Graphic file (type png)
<use Images//Coords//para.png>
Package pdftex.def Info: Images//Coords//para.png  used on input line 259. on i
nput line 259.
Package pdftex.def Info: Requested size: 323.0494pt x 139.91579pt on input line
 259.
<Images//Coords//consco.png, id=346, 756.426pt x 452.4102pt>
File: Images//Coords//consco.png Graphic file (type png)
<use Images//Coords//consco.png>
Package pdftex.def Info: Images//Coords//consco.png  used on input line 266. on
 input line 266.
Package pdftex.def Info: Requested size: 226.92955pt x 135.7241pt on input line
 266.


LaTeX Warning: `!h' float specifier changed to `!ht'.

[5 <./Images//Coords//cyl.png> <./Images//Coords//para.png>]
Underfull \hbox (badness 10000) in paragraph at lines 274--277

 []

<Images//Coords//sph.png, id=358, 993.7125pt x 314.17375pt>
File: Images//Coords//sph.png Graphic file (type png)
<use Images//Coords//sph.png>
Package pdftex.def Info: Images//Coords//sph.png  used on input line 288. on in
put line 288.
Package pdftex.def Info: Requested size: 496.85503pt x 157.08649pt on input lin
e 288.

Overfull \hbox (7.75215pt too wide) in paragraph at lines 288--289
 [][] 
 []

[6 <./Images//Coords//consco.png> <./Images//Coords//sph.png>]
Underfull \hbox (badness 10000) in paragraph at lines 308--311

 []

<Images//Coords/torus_coords.png, id=368, 1436.36626pt x 506.89375pt>
File: Images//Coords/torus_coords.png Graphic file (type png)
<use Images//Coords/torus_coords.png>
Package pdftex.def Info: Images//Coords/torus_coords.png  used on input line 32
2. on input line 322.
Package pdftex.def Info: Requested size: 502.73573pt x 177.41547pt on input lin
e 322.

Overfull \hbox (13.63286pt too wide) in paragraph at lines 322--323
 [][] 
 []

<Images//append_points//Point_Appending_Order.png, id=369, 240.9pt x 229.85875p
t>
File: Images//append_points//Point_Appending_Order.png Graphic file (type png)
<use Images//append_points//Point_Appending_Order.png>
Package pdftex.def Info: Images//append_points//Point_Appending_Order.png  used
 on input line 332. on input line 332.
Package pdftex.def Info: Requested size: 168.62883pt x 160.90001pt on input lin
e 332.
[7 <./Images//Coords/torus_coords.png> <./Images//append_points//Point_Appendin
g_Order.png>]
Underfull \hbox (badness 10000) in paragraph at lines 337--340

 []


Underfull \hbox (badness 10000) in paragraph at lines 342--346

 []


Underfull \hbox (badness 10000) in paragraph at lines 342--346

 []


Underfull \hbox (badness 10000) in paragraph at lines 342--346

 []

<Images//Meshes//Hyperboloid.png, id=382, 406.1574pt x 378.213pt>
File: Images//Meshes//Hyperboloid.png Graphic file (type png)
<use Images//Meshes//Hyperboloid.png>
Package pdftex.def Info: Images//Meshes//Hyperboloid.png  used on input line 35
1. on input line 351.
Package pdftex.def Info: Requested size: 210.09372pt x 195.63815pt on input lin
e 351.

Overfull \hbox (14.45557pt too wide) in paragraph at lines 351--352
 [][] 
 []

<Images//Meshes//ellipticalcone.png, id=383, 275.5896pt x 325.215pt>
File: Images//Meshes//ellipticalcone.png Graphic file (type png)
<use Images//Meshes//ellipticalcone.png>
Package pdftex.def Info: Images//Meshes//ellipticalcone.png  used on input line
 358. on input line 358.
Package pdftex.def Info: Requested size: 165.78815pt x 195.63815pt on input lin
e 358.

Underfull \hbox (badness 10000) in paragraph at lines 364--367

 []

[8 <./Images//Meshes//Hyperboloid.png> <./Images//Meshes//ellipticalcone.png>]
<Images//Meshes//Ellipsoid.png, id=394, 335.8146pt x 355.0866pt>
File: Images//Meshes//Ellipsoid.png Graphic file (type png)
<use Images//Meshes//Ellipsoid.png>
Package pdftex.def Info: Images//Meshes//Ellipsoid.png  used on input line 370.
 on input line 370.
Package pdftex.def Info: Requested size: 201.49031pt x 213.05359pt on input lin
e 370.
<Images//Booleans//Boolean.png, id=396, 803.0pt x 711.65875pt>
File: Images//Booleans//Boolean.png Graphic file (type png)
<use Images//Booleans//Boolean.png>
Package pdftex.def Info: Images//Booleans//Boolean.png  used on input line 382.
 on input line 382.
Package pdftex.def Info: Requested size: 200.74951pt x 177.91425pt on input lin
e 382.


LaTeX Warning: `!h' float specifier changed to `!ht'.

<Images//Booleans/SphereUnion.png, id=400, 547.04375pt x 604.2575pt>
File: Images//Booleans/SphereUnion.png Graphic file (type png)
<use Images//Booleans/SphereUnion.png>
Package pdftex.def Info: Images//Booleans/SphereUnion.png  used on input line 3
96. on input line 396.
Package pdftex.def Info: Requested size: 88.55548pt x 97.81908pt on input line 
396.
<Images//Booleans//SphereSubtraction.png, id=401, 879.285pt x 716.6775pt>
File: Images//Booleans//SphereSubtraction.png Graphic file (type png)
<use Images//Booleans//SphereSubtraction.png>
Package pdftex.def Info: Images//Booleans//SphereSubtraction.png  used on input
 line 402. on input line 402.
Package pdftex.def Info: Requested size: 120.0132pt x 97.81908pt on input line 
402.

Underfull \hbox (badness 10000) in paragraph at lines 388--407

 []


LaTeX Warning: `!h' float specifier changed to `!ht'.


Underfull \hbox (badness 10000) in paragraph at lines 408--413

 []


Underfull \hbox (badness 10000) in paragraph at lines 408--413

 []


Underfull \hbox (badness 10000) in paragraph at lines 408--413

 []

[9 <./Images//Meshes//Ellipsoid.png>]
<Images//Meshes//CutTubs.png, id=415, 412.4208pt x 426.393pt>
File: Images//Meshes//CutTubs.png Graphic file (type png)
<use Images//Meshes//CutTubs.png>
Package pdftex.def Info: Images//Meshes//CutTubs.png  used on input line 416. o
n input line 416.
Package pdftex.def Info: Requested size: 206.20988pt x 213.19597pt on input lin
e 416.


LaTeX Warning: `!h' float specifier changed to `!ht'.

[10 <./Images//Booleans//Boolean.png> <./Images//Booleans/SphereUnion.png> <./I
mages//Booleans//SphereSubtraction.png>]
Underfull \hbox (badness 10000) in paragraph at lines 424--427

 []


Underfull \hbox (badness 10000) in paragraph at lines 424--427

 []

<Images//Quad_fits//Tubs_quad.pdf, id=423, pagebox=cropbox, 462.52798pt x 346.8
9601pt>
File: Images//Quad_fits//Tubs_quad.pdf Graphic file (type pdf)
<use Images//Quad_fits//Tubs_quad.pdf>
Package pdftex.def Info: Images//Quad_fits//Tubs_quad.pdf  used on input line 4
30. on input line 430.
Package pdftex.def Info: Requested size: 277.51892pt x 208.1392pt on input line
 430.

Underfull \hbox (badness 10000) in paragraph at lines 435--438

 []

[11 <./Images//Meshes//CutTubs.png> <./Images//Quad_fits//Tubs_quad.pdf>]
[12]
<Images//BDSIM//titanium.pdf, id=480, pagebox=cropbox, 963.6pt x 528.97626pt>
File: Images//BDSIM//titanium.pdf Graphic file (type pdf)
<use Images//BDSIM//titanium.pdf>
Package pdftex.def Info: Images//BDSIM//titanium.pdf  used on input line 448. o
n input line 448.
Package pdftex.def Info: Requested size: 317.98898pt x 174.5627pt on input line
 448.

Underfull \hbox (badness 10000) in paragraph at lines 453--458

 []


Underfull \hbox (badness 10000) in paragraph at lines 453--458

 []

<Images//BDSIM//ProtonSphere2.png, id=485, 963.1182pt x 517.935pt>
File: Images//BDSIM//ProtonSphere2.png Graphic file (type png)
<use Images//BDSIM//ProtonSphere2.png>
Package pdftex.def Info: Images//BDSIM//ProtonSphere2.png  used on input line 4
61. on input line 461.
Package pdftex.def Info: Requested size: 337.09642pt x 181.27995pt on input lin
e 461.

LaTeX Warning: `!h' float specifier changed to `!ht'.

[13 <./Images//BDSIM//titanium.pdf>]
Underfull \hbox (badness 10000) in paragraph at lines 469--473

 []

<Images//CPU//Total_plot.pdf, id=502, pagebox=cropbox, 462.52798pt x 346.89601p
t>
File: Images//CPU//Total_plot.pdf Graphic file (type pdf)
<use Images//CPU//Total_plot.pdf>
Package pdftex.def Info: Images//CPU//Total_plot.pdf  used on input line 478. o
n input line 478.
Package pdftex.def Info: Requested size: 244.55287pt x 183.41357pt on input lin
e 478.
<Images//CPU//Total_Plot_no_secondaries.pdf, id=503, pagebox=cropbox, 462.52798
pt x 346.89601pt>
File: Images//CPU//Total_Plot_no_secondaries.pdf Graphic file (type pdf)
<use Images//CPU//Total_Plot_no_secondaries.pdf>
Package pdftex.def Info: Images//CPU//Total_Plot_no_secondaries.pdf  used on in
put line 484. on input line 484.
Package pdftex.def Info: Requested size: 244.55287pt x 183.41357pt on input lin
e 484.
<Images//CPU//Total_plot_with_offset.pdf, id=504, pagebox=cropbox, 462.52798pt 
x 346.89601pt>
File: Images//CPU//Total_plot_with_offset.pdf Graphic file (type pdf)
<use Images//CPU//Total_plot_with_offset.pdf>
Package pdftex.def Info: Images//CPU//Total_plot_with_offset.pdf  used on input
 line 494. on input line 494.
Package pdftex.def Info: Requested size: 244.55287pt x 183.41357pt on input lin
e 494.
<Images//CPU//Total_Plot_with_offset_and_no_secondaries.pdf, id=505, pagebox=cr
opbox, 665.60669pt x 346.89601pt>
File: Images//CPU//Total_Plot_with_offset_and_no_secondaries.pdf Graphic file (
type pdf)
<use Images//CPU//Total_Plot_with_offset_and_no_secondaries.pdf>
Package pdftex.def Info: Images//CPU//Total_Plot_with_offset_and_no_secondaries
.pdf  used on input line 500. on input line 500.
Package pdftex.def Info: Requested size: 351.92688pt x 183.41357pt on input lin
e 500.

Overfull \hbox (107.37544pt too wide) in paragraph at lines 500--501
 [][] 
 []


LaTeX Warning: `!h' float specifier changed to `!ht'.

[14 <./Images//BDSIM//ProtonSphere2.png> <./Images//CPU//Total_plot.pdf> <./Ima
ges//CPU//Total_Plot_no_secondaries.pdf

pdfTeX warning: pdflatex (file ./Images//CPU//Total_Plot_no_secondaries.pdf): P
DF inclusion: multiple pdfs with page group included in a single page
>]
<Images//Error//std_N.png, id=619, 462.528pt x 346.896pt>
File: Images//Error//std_N.png Graphic file (type png)
<use Images//Error//std_N.png>
Package pdftex.def Info: Images//Error//std_N.png  used on input line 525. on i
nput line 525.
Package pdftex.def Info: Requested size: 231.26343pt x 173.44757pt on input lin
e 525.


LaTeX Warning: `!h' float specifier changed to `!ht'.

<Images//Materials//not_Varied_by_radius_and_secondaries.pdf, id=621, pagebox=c
ropbox, 794.97pt x 505.89pt>
File: Images//Materials//not_Varied_by_radius_and_secondaries.pdf Graphic file 
(type pdf)
<use Images//Materials//not_Varied_by_radius_and_secondaries.pdf>
Package pdftex.def Info: Images//Materials//not_Varied_by_radius_and_secondarie
s.pdf  used on input line 537. on input line 537.
Package pdftex.def Info: Requested size: 476.98569pt x 303.53633pt on input lin
e 537.
[15 <./Images//CPU//Total_plot_with_offset.pdf> <./Images//CPU//Total_Plot_with
_offset_and_no_secondaries.pdf

pdfTeX warning: pdflatex (file ./Images//CPU//Total_Plot_with_offset_and_no_sec
ondaries.pdf): PDF inclusion: multiple pdfs with page group included in a singl
e page
>]
<Images//Materials//RMAX.png, id=739, 760.8425pt x 760.8425pt>
File: Images//Materials//RMAX.png Graphic file (type png)
<use Images//Materials//RMAX.png>
Package pdftex.def Info: Images//Materials//RMAX.png  used on input line 546. o
n input line 546.
Package pdftex.def Info: Requested size: 152.1658pt x 152.1658pt on input line 
546.


LaTeX Warning: `!h' float specifier changed to `!ht'.

[16 <./Images//Error//std_N.png> <./Images//Materials//not_Varied_by_radius_and
_secondaries.pdf>]
Underfull \hbox (badness 10000) in paragraph at lines 555--558

 []

<Images//BDSIM//Tungsten_Sphere.png, id=798, 939.0282pt x 317.0244pt>
File: Images//BDSIM//Tungsten_Sphere.png Graphic file (type png)
<use Images//BDSIM//Tungsten_Sphere.png>
Package pdftex.def Info: Images//BDSIM//Tungsten_Sphere.png  used on input line
 560. on input line 560.
Package pdftex.def Info: Requested size: 469.51295pt x 158.51181pt on input lin
e 560.

Overfull \hbox (20.24376pt too wide) in paragraph at lines 560--561
[]| [] 
 []

[17 <./Images//Materials//RMAX.png> <./Images//BDSIM//Tungsten_Sphere.png>]
<Images//Materials//Varied_by_radius_and_secondaries.pdf, id=812, pagebox=cropb
ox, 794.97pt x 505.89pt>
File: Images//Materials//Varied_by_radius_and_secondaries.pdf Graphic file (typ
e pdf)
<use Images//Materials//Varied_by_radius_and_secondaries.pdf>
Package pdftex.def Info: Images//Materials//Varied_by_radius_and_secondaries.pd
f  used on input line 584. on input line 584.
Package pdftex.def Info: Requested size: 476.98569pt x 303.53633pt on input lin
e 584.
<Images//Materials//Time_ex_dists.pdf, id=814, pagebox=cropbox, 794.97pt x 505.
89pt>
File: Images//Materials//Time_ex_dists.pdf Graphic file (type pdf)
<use Images//Materials//Time_ex_dists.pdf>
Package pdftex.def Info: Images//Materials//Time_ex_dists.pdf  used on input li
ne 593. on input line 593.
Package pdftex.def Info: Requested size: 317.98236pt x 202.3524pt on input line
 593.


LaTeX Warning: `!h' float specifier changed to `!ht'.

[18 <./Images//Materials//Varied_by_radius_and_secondaries.pdf>]
Underfull \hbox (badness 10000) in paragraph at lines 600--605

 []

<Images//BDSIM//numoftris_tit_10G_e_nostd.pdf, id=871, pagebox=cropbox, 979.981
2pt x 417.7206pt>
File: Images//BDSIM//numoftris_tit_10G_e_nostd.pdf Graphic file (type pdf)
<use Images//BDSIM//numoftris_tit_10G_e_nostd.pdf>
Package pdftex.def Info: Images//BDSIM//numoftris_tit_10G_e_nostd.pdf  used on 
input line 608. on input line 608.
Package pdftex.def Info: Requested size: 489.9894pt x 208.85979pt on input line
 608.

Overfull \hbox (0.88652pt too wide) in paragraph at lines 608--609
 [][] 
 []

<Images//CAD_Mag//Secondaries_count.pdf, id=872, pagebox=cropbox, 711.85951pt x
 456.74641pt>
File: Images//CAD_Mag//Secondaries_count.pdf Graphic file (type pdf)
<use Images//CAD_Mag//Secondaries_count.pdf>
Package pdftex.def Info: Images//CAD_Mag//Secondaries_count.pdf  used on input 
line 618. on input line 618.
Package pdftex.def Info: Requested size: 498.29826pt x 319.7203pt on input line
 618.

Overfull \hbox (9.19539pt too wide) in paragraph at lines 618--619
 [][] 
 []


LaTeX Warning: `!h' float specifier changed to `!ht'.

[19 <./Images//Materials//Time_ex_dists.pdf> <./Images//BDSIM//numoftris_tit_10
G_e_nostd.pdf

pdfTeX warning: pdflatex (file ./Images//BDSIM//numoftris_tit_10G_e_nostd.pdf):
 PDF inclusion: multiple pdfs with page group included in a single page
>]
Underfull \hbox (badness 10000) in paragraph at lines 628--634

 []

[20 <./Images//CAD_Mag//Secondaries_count.pdf>]
Underfull \hbox (badness 10000) in paragraph at lines 675--677
[]$\OT1/cmtt/m/n/10.95 http : / / geant4-[]userdoc . web . cern . ch / geant4-[
]userdoc / UsersGuides /
 []


Underfull \hbox (badness 10000) in paragraph at lines 679--681
[]$\OT1/cmtt/m/n/10.95 http : / / geant4-[]userdoc . web . cern . ch / geant4-[
]userdoc / UsersGuides /
 []


Underfull \hbox (badness 10000) in paragraph at lines 693--697
[]$\OT1/cmtt/m/n/10.95 https : / / www . govinfo . gov / content / pkg / GOVPUB
-[]C13-[]139be796c7e56cb34375ad52db8ec5e7 /
 []

[21pdfTeX warning (ext4): destination with the same identifier (name{cite.}) ha
s been already used, duplicate ignored

\AtBegShi@Output ...ipout \box \AtBeginShipoutBox 
                                                  \fi \fi 
l.704 \newpage
              pdfTeX warning (ext4): destination with the same identifier (name
{cite.}) has been already used, duplicate ignored

\AtBegShi@Output ...ipout \box \AtBeginShipoutBox 
                                                  \fi \fi 
l.704 \newpage
              ] (Scripts//Run_New_Meshes.py

Package xcolor Warning: Incompatible color definition on input line 2.


Package xcolor Warning: Incompatible color definition on input line 4.


Package xcolor Warning: Incompatible color definition on input line 6.


Package xcolor Warning: Incompatible color definition on input line 6.


Package xcolor Warning: Incompatible color definition on input line 6.


Package xcolor Warning: Incompatible color definition on input line 8.


Package xcolor Warning: Incompatible color definition on input line 10.


Package xcolor Warning: Incompatible color definition on input line 10.


Package xcolor Warning: Incompatible color definition on input line 11.


Package xcolor Warning: Incompatible color definition on input line 11.


Package xcolor Warning: Incompatible color definition on input line 11.


Package xcolor Warning: Incompatible color definition on input line 11.


Package xcolor Warning: Incompatible color definition on input line 11.


Package xcolor Warning: Incompatible color definition on input line 11.


Package xcolor Warning: Incompatible color definition on input line 11.


Package xcolor Warning: Incompatible color definition on input line 11.


Package xcolor Warning: Incompatible color definition on input line 11.


Package xcolor Warning: Incompatible color definition on input line 11.


Package xcolor Warning: Incompatible color definition on input line 11.


Package xcolor Warning: Incompatible color definition on input line 11.


Package xcolor Warning: Incompatible color definition on input line 11.


Package xcolor Warning: Incompatible color definition on input line 11.


Package xcolor Warning: Incompatible color definition on input line 11.


Package xcolor Warning: Incompatible color definition on input line 11.


Package xcolor Warning: Incompatible color definition on input line 11.


Package xcolor Warning: Incompatible color definition on input line 11.


Package xcolor Warning: Incompatible color definition on input line 11.


Package xcolor Warning: Incompatible color definition on input line 11.


Package xcolor Warning: Incompatible color definition on input line 11.


Package xcolor Warning: Incompatible color definition on input line 11.


Package xcolor Warning: Incompatible color definition on input line 11.


Package xcolor Warning: Incompatible color definition on input line 11.


Package xcolor Warning: Incompatible color definition on input line 11.


Package xcolor Warning: Incompatible color definition on input line 11.


Package xcolor Warning: Incompatible color definition on input line 11.


Package xcolor Warning: Incompatible color definition on input line 11.


Package xcolor Warning: Incompatible color definition on input line 11.


Package xcolor Warning: Incompatible color definition on input line 11.


Package xcolor Warning: Incompatible color definition on input line 11.


Package xcolor Warning: Incompatible color definition on input line 11.


Package xcolor Warning: Incompatible color definition on input line 11.


Package xcolor Warning: Incompatible color definition on input line 11.


Package xcolor Warning: Incompatible color definition on input line 11.


Package xcolor Warning: Incompatible color definition on input line 11.


Package xcolor Warning: Incompatible color definition on input line 12.


Package xcolor Warning: Incompatible color definition on input line 12.


Package xcolor Warning: Incompatible color definition on input line 12.


Package xcolor Warning: Incompatible color definition on input line 12.


Package xcolor Warning: Incompatible color definition on input line 12.


Package xcolor Warning: Incompatible color definition on input line 12.


Package xcolor Warning: Incompatible color definition on input line 12.


Package xcolor Warning: Incompatible color definition on input line 12.


Package xcolor Warning: Incompatible color definition on input line 12.


Package xcolor Warning: Incompatible color definition on input line 12.


Package xcolor Warning: Incompatible color definition on input line 12.


Package xcolor Warning: Incompatible color definition on input line 12.


Package xcolor Warning: Incompatible color definition on input line 12.


Package xcolor Warning: Incompatible color definition on input line 12.


Package xcolor Warning: Incompatible color definition on input line 12.


Package xcolor Warning: Incompatible color definition on input line 12.


Package xcolor Warning: Incompatible color definition on input line 12.


Package xcolor Warning: Incompatible color definition on input line 12.


Package xcolor Warning: Incompatible color definition on input line 12.


Package xcolor Warning: Incompatible color definition on input line 12.


Package xcolor Warning: Incompatible color definition on input line 12.


Package xcolor Warning: Incompatible color definition on input line 12.


Package xcolor Warning: Incompatible color definition on input line 12.


Package xcolor Warning: Incompatible color definition on input line 12.


Package xcolor Warning: Incompatible color definition on input line 12.


Package xcolor Warning: Incompatible color definition on input line 12.


Package xcolor Warning: Incompatible color definition on input line 12.


Package xcolor Warning: Incompatible color definition on input line 12.


Package xcolor Warning: Incompatible color definition on input line 13.


Package xcolor Warning: Incompatible color definition on input line 13.


Package xcolor Warning: Incompatible color definition on input line 13.


Package xcolor Warning: Incompatible color definition on input line 13.


Package xcolor Warning: Incompatible color definition on input line 13.


Package xcolor Warning: Incompatible color definition on input line 13.


Package xcolor Warning: Incompatible color definition on input line 13.


Package xcolor Warning: Incompatible color definition on input line 13.


Package xcolor Warning: Incompatible color definition on input line 13.


Package xcolor Warning: Incompatible color definition on input line 15.


Package xcolor Warning: Incompatible color definition on input line 15.


Package xcolor Warning: Incompatible color definition on input line 15.


Package xcolor Warning: Incompatible color definition on input line 15.


Package xcolor Warning: Incompatible color definition on input line 17.


Package xcolor Warning: Incompatible color definition on input line 19.


Package xcolor Warning: Incompatible color definition on input line 19.


Package xcolor Warning: Incompatible color definition on input line 19.


Package xcolor Warning: Incompatible color definition on input line 19.


Package xcolor Warning: Incompatible color definition on input line 19.


Package xcolor Warning: Incompatible color definition on input line 19.


Package xcolor Warning: Incompatible color definition on input line 20.


Package xcolor Warning: Incompatible color definition on input line 22.


Package xcolor Warning: Incompatible color definition on input line 22.


Package xcolor Warning: Incompatible color definition on input line 22.


Package xcolor Warning: Incompatible color definition on input line 22.


Package xcolor Warning: Incompatible color definition on input line 22.


Package xcolor Warning: Incompatible color definition on input line 23.


Package xcolor Warning: Incompatible color definition on input line 23.


Package xcolor Warning: Incompatible color definition on input line 23.


Package xcolor Warning: Incompatible color definition on input line 23.


Package xcolor Warning: Incompatible color definition on input line 23.


Package xcolor Warning: Incompatible color definition on input line 23.


Package xcolor Warning: Incompatible color definition on input line 23.


Package xcolor Warning: Incompatible color definition on input line 23.


Package xcolor Warning: Incompatible color definition on input line 24.


Package xcolor Warning: Incompatible color definition on input line 26.

LaTeX Font Info:    Try loading font information for OMS+cmr on input line 27.
("C:\Program Files\MiKTeX 2.9\tex\latex\base\omscmr.fd"
File: omscmr.fd 2014/09/29 v2.5h Standard LaTeX font definitions
)
LaTeX Font Info:    Font shape `OMS/cmr/m/n' in size <10> not available
(Font)              Font shape `OMS/cmsy/m/n' tried instead on input line 27.


Package xcolor Warning: Incompatible color definition on input line 27.


Package xcolor Warning: Incompatible color definition on input line 27.


Package xcolor Warning: Incompatible color definition on input line 27.


Package xcolor Warning: Incompatible color definition on input line 27.


Package xcolor Warning: Incompatible color definition on input line 27.


Package xcolor Warning: Incompatible color definition on input line 27.


Package xcolor Warning: Incompatible color definition on input line 27.


Package xcolor Warning: Incompatible color definition on input line 27.


Package xcolor Warning: Incompatible color definition on input line 27.


Package xcolor Warning: Incompatible color definition on input line 27.


Package xcolor Warning: Incompatible color definition on input line 27.


Package xcolor Warning: Incompatible color definition on input line 27.


Package xcolor Warning: Incompatible color definition on input line 27.


Package xcolor Warning: Incompatible color definition on input line 27.


Package xcolor Warning: Incompatible color definition on input line 27.


Package xcolor Warning: Incompatible color definition on input line 27.


Package xcolor Warning: Incompatible color definition on input line 27.


Package xcolor Warning: Incompatible color definition on input line 27.


Package xcolor Warning: Incompatible color definition on input line 27.


Package xcolor Warning: Incompatible color definition on input line 27.


Package xcolor Warning: Incompatible color definition on input line 28.


Package xcolor Warning: Incompatible color definition on input line 29.


Package xcolor Warning: Incompatible color definition on input line 29.


Package xcolor Warning: Incompatible color definition on input line 29.


Package xcolor Warning: Incompatible color definition on input line 29.


Package xcolor Warning: Incompatible color definition on input line 29.


Package xcolor Warning: Incompatible color definition on input line 29.


Package xcolor Warning: Incompatible color definition on input line 29.


Package xcolor Warning: Incompatible color definition on input line 29.


Package xcolor Warning: Incompatible color definition on input line 29.


Package xcolor Warning: Incompatible color definition on input line 29.


Package xcolor Warning: Incompatible color definition on input line 29.


Package xcolor Warning: Incompatible color definition on input line 29.


Package xcolor Warning: Incompatible color definition on input line 29.


Package xcolor Warning: Incompatible color definition on input line 29.


Package xcolor Warning: Incompatible color definition on input line 29.


Package xcolor Warning: Incompatible color definition on input line 30.


Package xcolor Warning: Incompatible color definition on input line 30.


Package xcolor Warning: Incompatible color definition on input line 30.


Package xcolor Warning: Incompatible color definition on input line 30.


Package xcolor Warning: Incompatible color definition on input line 32.


Package xcolor Warning: Incompatible color definition on input line 34.


Package xcolor Warning: Incompatible color definition on input line 34.


Package xcolor Warning: Incompatible color definition on input line 34.


Package xcolor Warning: Incompatible color definition on input line 34.


Package xcolor Warning: Incompatible color definition on input line 34.


Package xcolor Warning: Incompatible color definition on input line 34.


Package xcolor Warning: Incompatible color definition on input line 34.


Package xcolor Warning: Incompatible color definition on input line 34.


Package xcolor Warning: Incompatible color definition on input line 34.


Package xcolor Warning: Incompatible color definition on input line 34.


Package xcolor Warning: Incompatible color definition on input line 34.


Package xcolor Warning: Incompatible color definition on input line 34.


Package xcolor Warning: Incompatible color definition on input line 34.


Package xcolor Warning: Incompatible color definition on input line 34.


Package xcolor Warning: Incompatible color definition on input line 34.


Package xcolor Warning: Incompatible color definition on input line 34.


Package xcolor Warning: Incompatible color definition on input line 34.


Package xcolor Warning: Incompatible color definition on input line 34.


Package xcolor Warning: Incompatible color definition on input line 35.


Package xcolor Warning: Incompatible color definition on input line 35.


Package xcolor Warning: Incompatible color definition on input line 35.


Package xcolor Warning: Incompatible color definition on input line 35.


Package xcolor Warning: Incompatible color definition on input line 35.


Package xcolor Warning: Incompatible color definition on input line 35.


Package xcolor Warning: Incompatible color definition on input line 35.


Package xcolor Warning: Incompatible color definition on input line 35.


Package xcolor Warning: Incompatible color definition on input line 35.


Package xcolor Warning: Incompatible color definition on input line 35.


Package xcolor Warning: Incompatible color definition on input line 37.


Package xcolor Warning: Incompatible color definition on input line 37.


Package xcolor Warning: Incompatible color definition on input line 37.


Package xcolor Warning: Incompatible color definition on input line 37.


Package xcolor Warning: Incompatible color definition on input line 37.


Package xcolor Warning: Incompatible color definition on input line 37.


Package xcolor Warning: Incompatible color definition on input line 37.


Package xcolor Warning: Incompatible color definition on input line 37.


Package xcolor Warning: Incompatible color definition on input line 37.


Package xcolor Warning: Incompatible color definition on input line 37.


Package xcolor Warning: Incompatible color definition on input line 37.


Package xcolor Warning: Incompatible color definition on input line 37.


Package xcolor Warning: Incompatible color definition on input line 37.


Package xcolor Warning: Incompatible color definition on input line 37.


Package xcolor Warning: Incompatible color definition on input line 37.


Package xcolor Warning: Incompatible color definition on input line 37.


Package xcolor Warning: Incompatible color definition on input line 37.


Package xcolor Warning: Incompatible color definition on input line 39.


Package xcolor Warning: Incompatible color definition on input line 39.


Package xcolor Warning: Incompatible color definition on input line 39.


Package xcolor Warning: Incompatible color definition on input line 39.


Package xcolor Warning: Incompatible color definition on input line 41.


Package xcolor Warning: Incompatible color definition on input line 41.


Package xcolor Warning: Incompatible color definition on input line 41.


Package xcolor Warning: Incompatible color definition on input line 43.

) [22]
Underfull \hbox (badness 10000) in paragraph at lines 719--719

 []


Package hyperref Warning: Difference (2) between bookmark levels is greater 
(hyperref)                than one, level fixed on input line 721.

<Images//Meshes//cons.png, id=1102, 210.5466pt x 361.35pt>
File: Images//Meshes//cons.png Graphic file (type png)
<use Images//Meshes//cons.png>
Package pdftex.def Info: Images//Meshes//cons.png  used on input line 726. on i
nput line 726.
Package pdftex.def Info: Requested size: 56.99612pt x 97.81908pt on input line 
726.
<Images//Quad_fits//Cons_quad.pdf, id=1103, pagebox=cropbox, 462.52798pt x 346.
89601pt>
File: Images//Quad_fits//Cons_quad.pdf Graphic file (type pdf)
<use Images//Quad_fits//Cons_quad.pdf>
Package pdftex.def Info: Images//Quad_fits//Cons_quad.pdf  used on input line 7
32. on input line 732.
Package pdftex.def Info: Requested size: 161.8872pt x 121.41542pt on input line
 732.

Overfull \hbox (15.15486pt too wide) in paragraph at lines 732--733
 [][] 
 []


Overfull \hbox (4.99998pt too wide) in paragraph at lines 724--736
 []$[]$$[]$ 
 []

File: Images//Meshes//CutTubs.png Graphic file (type png)
<use Images//Meshes//CutTubs.png>
Package pdftex.def Info: Images//Meshes//CutTubs.png  used on input line 744. o
n input line 744.
Package pdftex.def Info: Requested size: 94.60936pt x 97.81908pt on input line 
744.
<Images//Quad_fits//CutTubs_quad.pdf, id=1104, pagebox=cropbox, 462.52798pt x 3
46.89601pt>
File: Images//Quad_fits//CutTubs_quad.pdf Graphic file (type pdf)
<use Images//Quad_fits//CutTubs_quad.pdf>
Package pdftex.def Info: Images//Quad_fits//CutTubs_quad.pdf  used on input lin
e 750. on input line 750.
Package pdftex.def Info: Requested size: 161.8872pt x 121.41542pt on input line
 750.

Overfull \hbox (15.15486pt too wide) in paragraph at lines 750--751
 [][] 
 []


Overfull \hbox (4.99998pt too wide) in paragraph at lines 742--754
 []$[]$$[]$ 
 []

<Images//Meshes//ellipsoid.png, id=1105, 335.8146pt x 355.0866pt>
File: Images//Meshes//ellipsoid.png Graphic file (type png)
<use Images//Meshes//ellipsoid.png>
Package pdftex.def Info: Images//Meshes//ellipsoid.png  used on input line 762.
 on input line 762.
Package pdftex.def Info: Requested size: 92.51071pt x 97.81908pt on input line 
762.
<Images//Quad_fits//Ellipsoid_quad.pdf, id=1106, pagebox=cropbox, 462.52798pt x
 346.89601pt>
File: Images//Quad_fits//Ellipsoid_quad.pdf Graphic file (type pdf)
<use Images//Quad_fits//Ellipsoid_quad.pdf>
Package pdftex.def Info: Images//Quad_fits//Ellipsoid_quad.pdf  used on input l
ine 768. on input line 768.
Package pdftex.def Info: Requested size: 161.8872pt x 121.41542pt on input line
 768.

Overfull \hbox (15.15486pt too wide) in paragraph at lines 768--769
 [][] 
 []


Overfull \hbox (4.99998pt too wide) in paragraph at lines 760--772
 []$[]$$[]$ 
 []

File: Images//Meshes//ellipticalcone.png Graphic file (type png)
<use Images//Meshes//ellipticalcone.png>
Package pdftex.def Info: Images//Meshes//ellipticalcone.png  used on input line
 781. on input line 781.
Package pdftex.def Info: Requested size: 82.89197pt x 97.81908pt on input line 
781.
<Images//Quad_fits//Ellipticalcone_quad.pdf, id=1107, pagebox=cropbox, 462.5279
8pt x 346.89601pt>
File: Images//Quad_fits//Ellipticalcone_quad.pdf Graphic file (type pdf)
<use Images//Quad_fits//Ellipticalcone_quad.pdf>
Package pdftex.def Info: Images//Quad_fits//Ellipticalcone_quad.pdf  used on in
put line 787. on input line 787.
Package pdftex.def Info: Requested size: 161.8872pt x 121.41542pt on input line
 787.

Overfull \hbox (15.15486pt too wide) in paragraph at lines 787--788
 [][] 
 []


Overfull \hbox (4.99998pt too wide) in paragraph at lines 779--791
 []$[]$$[]$ 
 []

<Images//Meshes//ellipticaltube.png, id=1108, 353.1594pt x 304.0158pt>
File: Images//Meshes//ellipticaltube.png Graphic file (type png)
<use Images//Meshes//ellipticaltube.png>
Package pdftex.def Info: Images//Meshes//ellipticaltube.png  used on input line
 799. on input line 799.
Package pdftex.def Info: Requested size: 90.90317pt x 78.25555pt on input line 
799.
<Images//Quad_fits//EllipticalTube_quad.pdf, id=1109, pagebox=cropbox, 462.5279
8pt x 346.89601pt>
File: Images//Quad_fits//EllipticalTube_quad.pdf Graphic file (type pdf)
<use Images//Quad_fits//EllipticalTube_quad.pdf>
Package pdftex.def Info: Images//Quad_fits//EllipticalTube_quad.pdf  used on in
put line 805. on input line 805.
Package pdftex.def Info: Requested size: 161.8872pt x 121.41542pt on input line
 805.

Overfull \hbox (15.15486pt too wide) in paragraph at lines 805--806
 [][] 
 []


Overfull \hbox (4.99998pt too wide) in paragraph at lines 797--809
 []$[]$$[]$ 
 []

<Images//Meshes//hyperboloid.png, id=1110, 406.1574pt x 378.213pt>
File: Images//Meshes//hyperboloid.png Graphic file (type png)
<use Images//Meshes//hyperboloid.png>
Package pdftex.def Info: Images//Meshes//hyperboloid.png  used on input line 81
7. on input line 817.
Package pdftex.def Info: Requested size: 94.53596pt x 88.03656pt on input line 
817.
<Images//Quad_fits//Hyperboloid_quad.pdf, id=1111, pagebox=cropbox, 462.52798pt
 x 346.89601pt>
File: Images//Quad_fits//Hyperboloid_quad.pdf Graphic file (type pdf)
<use Images//Quad_fits//Hyperboloid_quad.pdf>
Package pdftex.def Info: Images//Quad_fits//Hyperboloid_quad.pdf  used on input
 line 823. on input line 823.
Package pdftex.def Info: Requested size: 161.8872pt x 121.41542pt on input line
 823.

Overfull \hbox (15.15486pt too wide) in paragraph at lines 823--824
 [][] 
 []


Overfull \hbox (4.99998pt too wide) in paragraph at lines 815--827
 []$[]$$[]$ 
 []

[23

 <./Images//Meshes//cons.png> <./Images//Quad_fits//Cons_quad.pdf> <./Images//Q
uad_fits//CutTubs_quad.pdf

pdfTeX warning: pdflatex (file ./Images//Quad_fits//CutTubs_quad.pdf): PDF incl
usion: multiple pdfs with page group included in a single page
> <./Images//Meshes//ellipsoid.png> <./Images//Quad_fits//Ellipsoid_quad.pdf

pdfTeX warning: pdflatex (file ./Images//Quad_fits//Ellipsoid_quad.pdf): PDF in
clusion: multiple pdfs with page group included in a single page
> <./Images//Quad_fits//Ellipticalcone_quad.pdf> <./Images//Meshes//ellipticalt
ube.png> <./Images//Quad_fits//EllipticalTube_quad.pdf

pdfTeX warning: pdflatex (file ./Images//Quad_fits//EllipticalTube_quad.pdf): P
DF inclusion: multiple pdfs with page group included in a single page
> <./Images//Meshes//hyperboloid.png> <./Images//Quad_fits//Hyperboloid_quad.pd
f

pdfTeX warning: pdflatex (file ./Images//Quad_fits//Hyperboloid_quad.pdf): PDF 
inclusion: multiple pdfs with page group included in a single page
>]
<Images//Meshes//orb.png, id=1335, 374.3586pt x 319.9152pt>
File: Images//Meshes//orb.png Graphic file (type png)
<use Images//Meshes//orb.png>
Package pdftex.def Info: Images//Meshes//orb.png  used on input line 836. on in
put line 836.
Package pdftex.def Info: Requested size: 91.57298pt x 78.25555pt on input line 
836.
<Images//Quad_fits//orb_quad.pdf, id=1336, pagebox=cropbox, 462.52798pt x 346.8
9601pt>
File: Images//Quad_fits//orb_quad.pdf Graphic file (type pdf)
<use Images//Quad_fits//orb_quad.pdf>
Package pdftex.def Info: Images//Quad_fits//orb_quad.pdf  used on input line 84
2. on input line 842.
Package pdftex.def Info: Requested size: 161.8872pt x 121.41542pt on input line
 842.

Overfull \hbox (15.15486pt too wide) in paragraph at lines 842--843
 [][] 
 []


Overfull \hbox (4.99998pt too wide) in paragraph at lines 834--846
 []$[]$$[]$ 
 []

<Images//Meshes//paraboloid.png, id=1337, 298.716pt x 367.1316pt>
File: Images//Meshes//paraboloid.png Graphic file (type png)
<use Images//Meshes//paraboloid.png>
Package pdftex.def Info: Images//Meshes//paraboloid.png  used on input line 854
. on input line 854.
Package pdftex.def Info: Requested size: 79.58781pt x 97.81908pt on input line 
854.
<Images//Quad_fits//Paraboloid_quad.pdf, id=1338, pagebox=cropbox, 462.52798pt 
x 346.89601pt>
File: Images//Quad_fits//Paraboloid_quad.pdf Graphic file (type pdf)
<use Images//Quad_fits//Paraboloid_quad.pdf>
Package pdftex.def Info: Images//Quad_fits//Paraboloid_quad.pdf  used on input 
line 860. on input line 860.
Package pdftex.def Info: Requested size: 161.8872pt x 121.41542pt on input line
 860.

Overfull \hbox (15.15486pt too wide) in paragraph at lines 860--861
 [][] 
 []


Overfull \hbox (4.99998pt too wide) in paragraph at lines 852--864
 []$[]$$[]$ 
 []

<Images//Meshes//polycone.png, id=1339, 292.9344pt x 332.9238pt>
File: Images//Meshes//polycone.png Graphic file (type png)
<use Images//Meshes//polycone.png>
Package pdftex.def Info: Images//Meshes//polycone.png  used on input line 871. 
on input line 871.
Package pdftex.def Info: Requested size: 86.06625pt x 97.81908pt on input line 
871.
<Images//Quad_fits//Polycone_quad.pdf, id=1340, pagebox=cropbox, 462.52798pt x 
346.89601pt>
File: Images//Quad_fits//Polycone_quad.pdf Graphic file (type pdf)
<use Images//Quad_fits//Polycone_quad.pdf>
Package pdftex.def Info: Images//Quad_fits//Polycone_quad.pdf  used on input li
ne 877. on input line 877.
Package pdftex.def Info: Requested size: 161.8872pt x 121.41542pt on input line
 877.

Overfull \hbox (15.15486pt too wide) in paragraph at lines 877--878
 [][] 
 []


Overfull \hbox (4.99998pt too wide) in paragraph at lines 869--881
 []$[]$$[]$ 
 []

<Images//Meshes//sphere.png, id=1341, 424.4658pt x 332.9238pt>
File: Images//Meshes//sphere.png Graphic file (type png)
<use Images//Meshes//sphere.png>
Package pdftex.def Info: Images//Meshes//sphere.png  used on input line 889. on
 input line 889.
Package pdftex.def Info: Requested size: 93.53172pt x 73.3643pt on input line 8
89.
<Images//Quad_fits//Sphere_quad.pdf, id=1342, pagebox=cropbox, 462.52798pt x 34
6.89601pt>
File: Images//Quad_fits//Sphere_quad.pdf Graphic file (type pdf)
<use Images//Quad_fits//Sphere_quad.pdf>
Package pdftex.def Info: Images//Quad_fits//Sphere_quad.pdf  used on input line
 895. on input line 895.
Package pdftex.def Info: Requested size: 161.8872pt x 121.41542pt on input line
 895.

Overfull \hbox (15.15486pt too wide) in paragraph at lines 895--896
 [][] 
 []


Overfull \hbox (4.99998pt too wide) in paragraph at lines 887--899
 []$[]$$[]$ 
 []

<Images//Meshes//torus.png, id=1343, 370.986pt x 219.7008pt>
File: Images//Meshes//torus.png Graphic file (type png)
<use Images//Meshes//torus.png>
Package pdftex.def Info: Images//Meshes//torus.png  used on input line 907. on 
input line 907.
Package pdftex.def Info: Requested size: 82.58516pt x 48.90953pt on input line 
907.
<Images//Quad_fits//Torus_quad.pdf, id=1344, pagebox=cropbox, 462.52798pt x 346
.89601pt>
File: Images//Quad_fits//Torus_quad.pdf Graphic file (type pdf)
<use Images//Quad_fits//Torus_quad.pdf>
Package pdftex.def Info: Images//Quad_fits//Torus_quad.pdf  used on input line 
913. on input line 913.
Package pdftex.def Info: Requested size: 161.8872pt x 121.41542pt on input line
 913.

Overfull \hbox (15.15486pt too wide) in paragraph at lines 913--914
 [][] 
 []


Overfull \hbox (4.99998pt too wide) in paragraph at lines 905--917
 []$[]$$[]$ 
 []

<Images//Meshes//tubs.png, id=1345, 498.663pt x 365.2044pt>
File: Images//Meshes//tubs.png Graphic file (type png)
<use Images//Meshes//tubs.png>
Package pdftex.def Info: Images//Meshes//tubs.png  used on input line 925. on i
nput line 925.
Package pdftex.def Info: Requested size: 93.49147pt x 68.47305pt on input line 
925.
File: Images//Quad_fits//Tubs_quad.pdf Graphic file (type pdf)
<use Images//Quad_fits//Tubs_quad.pdf>
Package pdftex.def Info: Images//Quad_fits//Tubs_quad.pdf  used on input line 9
31. on input line 931.
Package pdftex.def Info: Requested size: 161.8872pt x 121.41542pt on input line
 931.

Overfull \hbox (15.15486pt too wide) in paragraph at lines 931--932
 [][] 
 []


Overfull \hbox (4.99998pt too wide) in paragraph at lines 923--935
 []$[]$$[]$ 
 []

[24 <./Images//Meshes//orb.png> <./Images//Quad_fits//orb_quad.pdf> <./Images//
Meshes//paraboloid.png> <./Images//Quad_fits//Paraboloid_quad.pdf

pdfTeX warning: pdflatex (file ./Images//Quad_fits//Paraboloid_quad.pdf): PDF i
nclusion: multiple pdfs with page group included in a single page
> <./Images//Meshes//polycone.png> <./Images//Quad_fits//Polycone_quad.pdf

pdfTeX warning: pdflatex (file ./Images//Quad_fits//Polycone_quad.pdf): PDF inc
lusion: multiple pdfs with page group included in a single page
> <./Images//Meshes//sphere.png> <./Images//Quad_fits//Sphere_quad.pdf

pdfTeX warning: pdflatex (file ./Images//Quad_fits//Sphere_quad.pdf): PDF inclu
sion: multiple pdfs with page group included in a single page
> <./Images//Meshes//torus.png> <./Images//Quad_fits//Torus_quad.pdf

pdfTeX warning: pdflatex (file ./Images//Quad_fits//Torus_quad.pdf): PDF inclus
ion: multiple pdfs with page group included in a single page
> <./Images//Meshes//tubs.png>] (Tables//Table1.tex
Overfull \hbox (21.40025pt too wide) in paragraph at lines 6--22
 [][][] 
 []

)
Package atveryend Info: Empty hook `BeforeClearDocument' on input line 950.
 [25

]
Package atveryend Info: Empty hook `AfterLastShipout' on input line 950.

(C:\Users\benja\Documents\Major_Project_Report_Local\Major_Project_Report\.texi
teasy\Major_Project.aux)
Package atveryend Info: Executing hook `AtVeryEndDocument' on input line 950.
Package atveryend Info: Executing hook `AtEndAfterFileList' on input line 950.
Package rerunfilecheck Info: File `Major_Project.out' has not changed.
(rerunfilecheck)             Checksum: 5543493D5E161EAD5763ACFA0B93BD0A;3317.


LaTeX Warning: There were undefined references.


LaTeX Warning: There were multiply-defined labels.

Package atveryend Info: Empty hook `AtVeryVeryEnd' on input line 950.
 ) 
Here is how much of TeX's memory you used:
 11327 strings out of 493312
 167139 string characters out of 3138899
 471619 words of memory out of 3000000
 14459 multiletter control sequences out of 15000+200000
 13989 words of font info for 52 fonts, out of 3000000 for 9000
 1141 hyphenation exceptions out of 8191
 36i,10n,42p,1409b,1375s stack positions out of 5000i,500n,10000p,200000b,50000s
<C:/Program Files/MiKTeX 2.9/fonts/type1/public/amsfonts/cm/cmbx10.pfb><C:/Pr
ogram Files/MiKTeX 2.9/fonts/type1/public/amsfonts/cm/cmbx12.pfb><C:/Program Fi
les/MiKTeX 2.9/fonts/type1/public/amsfonts/cm/cmcsc10.pfb><C:/Program Files/MiK
TeX 2.9/fonts/type1/public/amsfonts/cm/cmex10.pfb><C:/Program Files/MiKTeX 2.9/
fonts/type1/public/amsfonts/cm/cmmi10.pfb><C:/Program Files/MiKTeX 2.9/fonts/ty
pe1/public/amsfonts/cm/cmmi12.pfb><C:/Program Files/MiKTeX 2.9/fonts/type1/publ
ic/amsfonts/cm/cmmi8.pfb><C:/Program Files/MiKTeX 2.9/fonts/type1/public/amsfon
ts/cm/cmr10.pfb><C:/Program Files/MiKTeX 2.9/fonts/type1/public/amsfonts/cm/cmr
12.pfb><C:/Program Files/MiKTeX 2.9/fonts/type1/public/amsfonts/cm/cmr6.pfb><C:
/Program Files/MiKTeX 2.9/fonts/type1/public/amsfonts/cm/cmr8.pfb><C:/Program F
iles/MiKTeX 2.9/fonts/type1/public/amsfonts/cm/cmsy10.pfb><C:/Program Files/MiK
TeX 2.9/fonts/type1/public/amsfonts/cm/cmti12.pfb><C:/Program Files/MiKTeX 2.9/
fonts/type1/public/amsfonts/cm/cmtt10.pfb>
Output written on Major_Project.pdf (29 pages, 5758338 bytes).
PDF statistics:
 1644 PDF objects out of 1728 (max. 8388607)
 187 named destinations out of 1000 (max. 500000)
 647 words of extra memory for PDF output out of 10000 (max. 10000000)

